[17Jun2025 00:00:02.074] [Server thread/INFO] [net.minecraft.server.dedicated.DedicatedServer/]: [@: Changed the block at -181, 57, -84]
[17Jun2025 00:00:02.475] [Server thread/INFO] [net.minecraft.server.dedicated.DedicatedServer/]: [@: Changed the block at -181, 57, -84]
[17Jun2025 00:00:02.815] [Server thread/INFO] [net.minecraft.server.dedicated.DedicatedServer/]: <RompOrTos> ya se
[17Jun2025 00:00:04.685] [Server thread/INFO] [net.minecraft.server.dedicated.DedicatedServer/]: <RompOrTos> tj
[17Jun2025 00:00:05.174] [Server thread/INFO] [net.minecraft.server.dedicated.DedicatedServer/]: [@: Changed the block at -181, 57, -84]
[17Jun2025 00:00:05.574] [Server thread/INFO] [net.minecraft.server.dedicated.DedicatedServer/]: [@: Changed the block at -181, 57, -84]
[17Jun2025 00:00:08.275] [Server thread/INFO] [net.minecraft.server.dedicated.DedicatedServer/]: [@: Changed the block at -181, 57, -84]
[17Jun2025 00:00:08.674] [Server thread/INFO] [net.minecraft.server.dedicated.DedicatedServer/]: [@: Changed the block at -181, 57, -84]
[17Jun2025 00:00:10.915] [Server thread/INFO] [net.minecraft.server.dedicated.DedicatedServer/]: <RompOrTos> verdad a si nomas
[17Jun2025 00:00:11.374] [Server thread/INFO] [net.minecraft.server.dedicated.DedicatedServer/]: [@: Changed the block at -181, 57, -84]
[17Jun2025 00:00:11.774] [Server thread/INFO] [net.minecraft.server.dedicated.DedicatedServer/]: [@: Changed the block at -181, 57, -84]
[17Jun2025 00:00:14.475] [Server thread/INFO] [net.minecraft.server.dedicated.DedicatedServer/]: [@: Changed the block at -181, 57, -84]
[17Jun2025 00:00:14.874] [Server thread/INFO] [net.minecraft.server.dedicated.DedicatedServer/]: [@: Changed the block at -181, 57, -84]
[17Jun2025 00:00:17.574] [Server thread/INFO] [net.minecraft.server.dedicated.DedicatedServer/]: [@: Changed the block at -181, 57, -84]
[17Jun2025 00:00:17.974] [Server thread/INFO] [net.minecraft.server.dedicated.DedicatedServer/]: [@: Changed the block at -181, 57, -84]
[17Jun2025 00:00:20.674] [Server thread/INFO] [net.minecraft.server.dedicated.DedicatedServer/]: [@: Changed the block at -181, 57, -84]
[17Jun2025 00:00:21.074] [Server thread/INFO] [net.minecraft.server.dedicated.DedicatedServer/]: [@: Changed the block at -181, 57, -84]
[17Jun2025 00:00:23.103] [Server thread/INFO] [net.minecraft.server.dedicated.DedicatedServer/]: <RompOrTos> pon tu obs en audio y me lo mandas p
[17Jun2025 00:00:23.774] [Server thread/INFO] [net.minecraft.server.dedicated.DedicatedServer/]: [@: Changed the block at -181, 57, -84]
[17Jun2025 00:00:24.174] [Server thread/INFO] [net.minecraft.server.dedicated.DedicatedServer/]: [@: Changed the block at -181, 57, -84]
[17Jun2025 00:00:26.875] [Server thread/INFO] [net.minecraft.server.dedicated.DedicatedServer/]: [@: Changed the block at -181, 57, -84]
[17Jun2025 00:00:27.274] [Server thread/INFO] [net.minecraft.server.dedicated.DedicatedServer/]: [@: Changed the block at -181, 57, -84]
[17Jun2025 00:00:29.974] [Server thread/INFO] [net.minecraft.server.dedicated.DedicatedServer/]: [@: Changed the block at -181, 57, -84]
[17Jun2025 00:00:30.374] [Server thread/INFO] [net.minecraft.server.dedicated.DedicatedServer/]: [@: Changed the block at -181, 57, -84]
[17Jun2025 00:00:31.516] [Server thread/INFO] [net.minecraft.server.dedicated.DedicatedServer/]: <Smile_and_Eye> xddd
[17Jun2025 00:00:33.074] [Server thread/INFO] [net.minecraft.server.dedicated.DedicatedServer/]: [@: Changed the block at -181, 57, -84]
[17Jun2025 00:00:33.474] [Server thread/INFO] [net.minecraft.server.dedicated.DedicatedServer/]: [@: Changed the block at -181, 57, -84]
[17Jun2025 00:00:36.174] [Server thread/INFO] [net.minecraft.server.dedicated.DedicatedServer/]: [@: Changed the block at -181, 57, -84]
[17Jun2025 00:00:36.574] [Server thread/INFO] [net.minecraft.server.dedicated.DedicatedServer/]: [@: Changed the block at -181, 57, -84]
[17Jun2025 00:00:39.274] [Server thread/INFO] [net.minecraft.server.dedicated.DedicatedServer/]: [@: Changed the block at -181, 57, -84]
[17Jun2025 00:00:39.674] [Server thread/INFO] [net.minecraft.server.dedicated.DedicatedServer/]: [@: Changed the block at -181, 57, -84]
[17Jun2025 00:00:40.315] [Server thread/INFO] [net.minecraft.server.dedicated.DedicatedServer/]: [Smile_and_Eye: Set own game mode to Spectator Mode]
[17Jun2025 00:00:42.374] [Server thread/INFO] [net.minecraft.server.dedicated.DedicatedServer/]: [@: Changed the block at -181, 57, -84]
[17Jun2025 00:00:42.774] [Server thread/INFO] [net.minecraft.server.dedicated.DedicatedServer/]: [@: Changed the block at -181, 57, -84]
[17Jun2025 00:00:43.379] [Server thread/INFO] [net.minecraft.server.dedicated.DedicatedServer/]: <RompOrTos> creo no dices nada al parecer
[17Jun2025 00:00:45.474] [Server thread/INFO] [net.minecraft.server.dedicated.DedicatedServer/]: [@: Changed the block at -181, 57, -84]
[17Jun2025 00:00:45.874] [Server thread/INFO] [net.minecraft.server.dedicated.DedicatedServer/]: [@: Changed the block at -181, 57, -84]
[17Jun2025 00:00:46.844] [Server thread/INFO] [net.minecraft.server.dedicated.DedicatedServer/]: <Smile_and_Eye> XDDD
[17Jun2025 00:00:48.574] [Server thread/INFO] [net.minecraft.server.dedicated.DedicatedServer/]: [@: Changed the block at -181, 57, -84]
[17Jun2025 00:00:48.974] [Server thread/INFO] [net.minecraft.server.dedicated.DedicatedServer/]: [@: Changed the block at -181, 57, -84]
[17Jun2025 00:00:49.315] [Server thread/INFO] [net.minecraft.server.dedicated.DedicatedServer/]: <Smile_and_Eye> espera
[17Jun2025 00:00:51.674] [Server thread/INFO] [net.minecraft.server.dedicated.DedicatedServer/]: [@: Changed the block at -181, 57, -84]
[17Jun2025 00:00:52.075] [Server thread/INFO] [net.minecraft.server.dedicated.DedicatedServer/]: [@: Changed the block at -181, 57, -84]
[17Jun2025 00:00:54.774] [Server thread/INFO] [net.minecraft.server.dedicated.DedicatedServer/]: [@: Changed the block at -181, 57, -84]
[17Jun2025 00:00:55.174] [Server thread/INFO] [net.minecraft.server.dedicated.DedicatedServer/]: [@: Changed the block at -181, 57, -84]
[17Jun2025 00:00:57.322] [Server thread/INFO] [net.minecraft.server.dedicated.DedicatedServer/]: <RompOrTos> ya
[17Jun2025 00:00:57.874] [Server thread/INFO] [net.minecraft.server.dedicated.DedicatedServer/]: [@: Changed the block at -181, 57, -84]
[17Jun2025 00:00:58.274] [Server thread/INFO] [net.minecraft.server.dedicated.DedicatedServer/]: [@: Changed the block at -181, 57, -84]
[17Jun2025 00:00:58.436] [Server thread/INFO] [net.minecraft.server.dedicated.DedicatedServer/]: <Smile_and_Eye> ya sé cómo construir el coso para hacer el bloque de comandos
[17Jun2025 00:01:00.974] [Server thread/INFO] [net.minecraft.server.dedicated.DedicatedServer/]: [@: Changed the block at -181, 57, -84]
[17Jun2025 00:01:01.374] [Server thread/INFO] [net.minecraft.server.dedicated.DedicatedServer/]: [@: Changed the block at -181, 57, -84]
[17Jun2025 00:01:04.074] [Server thread/INFO] [net.minecraft.server.dedicated.DedicatedServer/]: [@: Changed the block at -181, 57, -84]
[17Jun2025 00:01:04.474] [Server thread/INFO] [net.minecraft.server.dedicated.DedicatedServer/]: [@: Changed the block at -181, 57, -84]
[17Jun2025 00:01:05.069] [Server thread/INFO] [net.minecraft.server.dedicated.DedicatedServer/]: <RompOrTos> para q hagas tu referencia
[17Jun2025 00:01:06.347] [Server thread/INFO] [net.minecraft.server.dedicated.DedicatedServer/]: [Smile_and_Eye: Set own game mode to Creative Mode]
[17Jun2025 00:01:07.175] [Server thread/INFO] [net.minecraft.server.dedicated.DedicatedServer/]: [@: Changed the block at -181, 57, -84]
[17Jun2025 00:01:07.574] [Server thread/INFO] [net.minecraft.server.dedicated.DedicatedServer/]: [@: Changed the block at -181, 57, -84]
[17Jun2025 00:01:10.274] [Server thread/INFO] [net.minecraft.server.dedicated.DedicatedServer/]: [@: Changed the block at -181, 57, -84]
[17Jun2025 00:01:10.674] [Server thread/INFO] [net.minecraft.server.dedicated.DedicatedServer/]: [@: Changed the block at -181, 57, -84]
[17Jun2025 00:01:11.393] [Server thread/INFO] [net.minecraft.server.dedicated.DedicatedServer/]: <Smile_and_Eye> pero no lo voy a hacer completo porque mucha weba
[17Jun2025 00:01:13.374] [Server thread/INFO] [net.minecraft.server.dedicated.DedicatedServer/]: [@: Changed the block at -181, 57, -84]
[17Jun2025 00:01:13.774] [Server thread/INFO] [net.minecraft.server.dedicated.DedicatedServer/]: [@: Changed the block at -181, 57, -84]
[17Jun2025 00:01:14.090] [Server thread/INFO] [net.minecraft.server.dedicated.DedicatedServer/]: <RompOrTos> como es p q no me acuerdo
[17Jun2025 00:01:16.474] [Server thread/INFO] [net.minecraft.server.dedicated.DedicatedServer/]: [@: Changed the block at -181, 57, -84]
[17Jun2025 00:01:16.874] [Server thread/INFO] [net.minecraft.server.dedicated.DedicatedServer/]: [@: Changed the block at -181, 57, -84]
[17Jun2025 00:01:19.574] [Server thread/INFO] [net.minecraft.server.dedicated.DedicatedServer/]: [@: Changed the block at -181, 57, -84]
[17Jun2025 00:01:19.974] [Server thread/INFO] [net.minecraft.server.dedicated.DedicatedServer/]: [@: Changed the block at -181, 57, -84]
[17Jun2025 00:01:20.595] [Server thread/INFO] [net.minecraft.server.dedicated.DedicatedServer/]: <RompOrTos> ya asi nomas p
[17Jun2025 00:01:22.674] [Server thread/INFO] [net.minecraft.server.dedicated.DedicatedServer/]: [@: Changed the block at -181, 57, -84]
[17Jun2025 00:01:23.074] [Server thread/INFO] [net.minecraft.server.dedicated.DedicatedServer/]: [@: Changed the block at -181, 57, -84]
[17Jun2025 00:01:25.774] [Server thread/INFO] [net.minecraft.server.dedicated.DedicatedServer/]: [@: Changed the block at -181, 57, -84]
[17Jun2025 00:01:26.175] [Server thread/INFO] [net.minecraft.server.dedicated.DedicatedServer/]: [@: Changed the block at -181, 57, -84]
[17Jun2025 00:01:28.874] [Server thread/INFO] [net.minecraft.server.dedicated.DedicatedServer/]: [@: Changed the block at -181, 57, -84]
[17Jun2025 00:01:29.274] [Server thread/INFO] [net.minecraft.server.dedicated.DedicatedServer/]: [@: Changed the block at -181, 57, -84]
[17Jun2025 00:01:30.879] [Server thread/INFO] [net.minecraft.server.dedicated.DedicatedServer/]: [Smile_and_Eye: Set own game mode to Spectator Mode]
[17Jun2025 00:01:31.974] [Server thread/INFO] [net.minecraft.server.dedicated.DedicatedServer/]: [@: Changed the block at -181, 57, -84]
[17Jun2025 00:01:32.374] [Server thread/INFO] [net.minecraft.server.dedicated.DedicatedServer/]: [@: Changed the block at -181, 57, -84]
[17Jun2025 00:01:33.680] [Server thread/INFO] [net.minecraft.server.dedicated.DedicatedServer/]: [Smile_and_Eye: Set own game mode to Creative Mode]
[17Jun2025 00:01:35.074] [Server thread/INFO] [net.minecraft.server.dedicated.DedicatedServer/]: [@: Changed the block at -181, 57, -84]
[17Jun2025 00:01:35.474] [Server thread/INFO] [net.minecraft.server.dedicated.DedicatedServer/]: [@: Changed the block at -181, 57, -84]
[17Jun2025 00:01:37.635] [Server thread/INFO] [net.minecraft.server.dedicated.DedicatedServer/]: <RompOrTos> el freecam ta muy immersivo p
[17Jun2025 00:01:38.174] [Server thread/INFO] [net.minecraft.server.dedicated.DedicatedServer/]: [@: Changed the block at -181, 57, -84]
[17Jun2025 00:01:38.574] [Server thread/INFO] [net.minecraft.server.dedicated.DedicatedServer/]: [@: Changed the block at -181, 57, -84]
[17Jun2025 00:01:40.259] [Server thread/INFO] [net.minecraft.server.dedicated.DedicatedServer/]: [Smile_and_Eye: Set own game mode to Spectator Mode]
[17Jun2025 00:01:41.274] [Server thread/INFO] [net.minecraft.server.dedicated.DedicatedServer/]: [@: Changed the block at -181, 57, -84]
[17Jun2025 00:01:41.674] [Server thread/INFO] [net.minecraft.server.dedicated.DedicatedServer/]: [@: Changed the block at -181, 57, -84]
[17Jun2025 00:01:44.374] [Server thread/INFO] [net.minecraft.server.dedicated.DedicatedServer/]: [@: Changed the block at -181, 57, -84]
[17Jun2025 00:01:44.774] [Server thread/INFO] [net.minecraft.server.dedicated.DedicatedServer/]: [@: Changed the block at -181, 57, -84]
[17Jun2025 00:01:44.786] [Server thread/INFO] [net.minecraft.server.dedicated.DedicatedServer/]: [Smile_and_Eye: Set own game mode to Creative Mode]
[17Jun2025 00:01:47.474] [Server thread/INFO] [net.minecraft.server.dedicated.DedicatedServer/]: [@: Changed the block at -181, 57, -84]
[17Jun2025 00:01:47.874] [Server thread/INFO] [net.minecraft.server.dedicated.DedicatedServer/]: [@: Changed the block at -181, 57, -84]
[17Jun2025 00:01:50.565] [Server thread/INFO] [net.minecraft.server.dedicated.DedicatedServer/]: Smile_and_Eye has made the advancement [Every Cloud Has a Silver Lining]
[17Jun2025 00:01:50.575] [Server thread/INFO] [net.minecraft.server.dedicated.DedicatedServer/]: [@: Changed the block at -181, 57, -84]
[17Jun2025 00:01:50.974] [Server thread/INFO] [net.minecraft.server.dedicated.DedicatedServer/]: [@: Changed the block at -181, 57, -84]
[17Jun2025 00:01:53.674] [Server thread/INFO] [net.minecraft.server.dedicated.DedicatedServer/]: [@: Changed the block at -181, 57, -84]
[17Jun2025 00:01:54.074] [Server thread/INFO] [net.minecraft.server.dedicated.DedicatedServer/]: [@: Changed the block at -181, 57, -84]
[17Jun2025 00:01:56.774] [Server thread/INFO] [net.minecraft.server.dedicated.DedicatedServer/]: [@: Changed the block at -181, 57, -84]
[17Jun2025 00:01:57.174] [Server thread/INFO] [net.minecraft.server.dedicated.DedicatedServer/]: [@: Changed the block at -181, 57, -84]
[17Jun2025 00:01:58.608] [Server thread/INFO] [net.minecraft.server.dedicated.DedicatedServer/]: [Smile_and_Eye: Set own game mode to Survival Mode]
[17Jun2025 00:01:59.874] [Server thread/INFO] [net.minecraft.server.dedicated.DedicatedServer/]: [@: Changed the block at -181, 57, -84]
[17Jun2025 00:02:00.274] [Server thread/INFO] [net.minecraft.server.dedicated.DedicatedServer/]: [@: Changed the block at -181, 57, -84]
[17Jun2025 00:02:02.974] [Server thread/INFO] [net.minecraft.server.dedicated.DedicatedServer/]: [@: Changed the block at -181, 57, -84]
[17Jun2025 00:02:03.374] [Server thread/INFO] [net.minecraft.server.dedicated.DedicatedServer/]: [@: Changed the block at -181, 57, -84]
[17Jun2025 00:02:06.074] [Server thread/INFO] [net.minecraft.server.dedicated.DedicatedServer/]: [@: Changed the block at -181, 57, -84]
[17Jun2025 00:02:06.474] [Server thread/INFO] [net.minecraft.server.dedicated.DedicatedServer/]: [@: Changed the block at -181, 57, -84]
[17Jun2025 00:02:08.830] [Server thread/INFO] [net.minecraft.server.dedicated.DedicatedServer/]: <RompOrTos> xddd
[17Jun2025 00:02:09.175] [Server thread/INFO] [net.minecraft.server.dedicated.DedicatedServer/]: [@: Changed the block at -181, 57, -84]
[17Jun2025 00:02:09.574] [Server thread/INFO] [net.minecraft.server.dedicated.DedicatedServer/]: [@: Changed the block at -181, 57, -84]
[17Jun2025 00:02:12.274] [Server thread/INFO] [net.minecraft.server.dedicated.DedicatedServer/]: [@: Changed the block at -181, 57, -84]
[17Jun2025 00:02:12.569] [Server thread/INFO] [net.minecraft.server.dedicated.DedicatedServer/]: <Smile_and_Eye> ven p
[17Jun2025 00:02:12.675] [Server thread/INFO] [net.minecraft.server.dedicated.DedicatedServer/]: [@: Changed the block at -181, 57, -84]
[17Jun2025 00:02:15.374] [Server thread/INFO] [net.minecraft.server.dedicated.DedicatedServer/]: [@: Changed the block at -181, 57, -84]
[17Jun2025 00:02:15.774] [Server thread/INFO] [net.minecraft.server.dedicated.DedicatedServer/]: [@: Changed the block at -181, 57, -84]
[17Jun2025 00:02:17.420] [Server thread/INFO] [net.minecraft.server.dedicated.DedicatedServer/]: [Smile_and_Eye: Teleported RompOrTos to Smile_and_Eye]
[17Jun2025 00:02:18.474] [Server thread/INFO] [net.minecraft.server.dedicated.DedicatedServer/]: [@: Changed the block at -181, 57, -84]
[17Jun2025 00:02:18.874] [Server thread/INFO] [net.minecraft.server.dedicated.DedicatedServer/]: [@: Changed the block at -181, 57, -84]
[17Jun2025 00:02:21.574] [Server thread/INFO] [net.minecraft.server.dedicated.DedicatedServer/]: [@: Changed the block at -181, 57, -84]
[17Jun2025 00:02:21.974] [Server thread/INFO] [net.minecraft.server.dedicated.DedicatedServer/]: [@: Changed the block at -181, 57, -84]
[17Jun2025 00:02:24.674] [Server thread/INFO] [net.minecraft.server.dedicated.DedicatedServer/]: [@: Changed the block at -181, 57, -84]
[17Jun2025 00:02:24.993] [Server thread/INFO] [net.minecraft.server.dedicated.DedicatedServer/]: RompOrTos fell out of the world
[17Jun2025 00:02:24.997] [Server thread/INFO] [net.minecraft.server.dedicated.DedicatedServer/]: Smile_and_Eye fell out of the world
[17Jun2025 00:02:25.000] [Server thread/INFO] [net.minecraft.entity.Entity/]: Villager VillagerEntity['Villager'/1904, l='ServerLevel[world]', x=-187.63, y=53.00, z=-93.61] died, message: 'Villager fell out of the world'
[17Jun2025 00:02:25.000] [Server thread/INFO] [net.minecraft.entity.Entity/]: Villager VillagerEntity['Villager'/1908, l='ServerLevel[world]', x=-182.54, y=55.00, z=-100.98] died, message: 'Villager fell out of the world'
[17Jun2025 00:02:25.000] [Server thread/INFO] [net.minecraft.entity.Entity/]: Villager VillagerEntity['Villager'/1909, l='ServerLevel[world]', x=-185.10, y=53.00, z=-95.50] died, message: 'Villager fell out of the world'
[17Jun2025 00:02:25.001] [Server thread/INFO] [net.minecraft.entity.Entity/]: Villager VillagerEntity['Villager'/1913, l='ServerLevel[world]', x=-187.30, y=53.00, z=-95.58] died, message: 'Villager fell out of the world'
[17Jun2025 00:02:25.001] [Server thread/INFO] [net.minecraft.entity.Entity/]: Villager VillagerEntity['Villager'/1916, l='ServerLevel[world]', x=-183.27, y=54.25, z=-100.50] died, message: 'Villager fell out of the world'
[17Jun2025 00:02:25.009] [Server thread/INFO] [net.minecraft.server.dedicated.DedicatedServer/]: [RompOrTos: Killed 283 entities]
[17Jun2025 00:02:25.076] [Server thread/INFO] [net.minecraft.server.dedicated.DedicatedServer/]: [@: Changed the block at -181, 57, -84]
[17Jun2025 00:02:27.775] [Server thread/INFO] [net.minecraft.server.dedicated.DedicatedServer/]: [@: Changed the block at -181, 57, -84]
[17Jun2025 00:02:28.175] [Server thread/INFO] [net.minecraft.server.dedicated.DedicatedServer/]: [@: Changed the block at -181, 57, -84]
[17Jun2025 00:02:29.213] [Server thread/INFO] [net.minecraft.server.dedicated.DedicatedServer/]: <RompOrTos> xddd
[17Jun2025 00:02:30.874] [Server thread/INFO] [net.minecraft.server.dedicated.DedicatedServer/]: [@: Changed the block at -181, 57, -84]
[17Jun2025 00:02:31.275] [Server thread/INFO] [net.minecraft.server.dedicated.DedicatedServer/]: [@: Changed the block at -181, 57, -84]
[17Jun2025 00:02:33.974] [Server thread/INFO] [net.minecraft.server.dedicated.DedicatedServer/]: [@: Changed the block at -181, 57, -84]
[17Jun2025 00:02:34.374] [Server thread/INFO] [net.minecraft.server.dedicated.DedicatedServer/]: [@: Changed the block at -181, 57, -84]
[17Jun2025 00:02:37.074] [Server thread/INFO] [net.minecraft.server.dedicated.DedicatedServer/]: [@: Changed the block at -181, 57, -84]
[17Jun2025 00:02:37.474] [Server thread/INFO] [net.minecraft.server.dedicated.DedicatedServer/]: [@: Changed the block at -181, 57, -84]
[17Jun2025 00:02:39.029] [Server thread/INFO] [net.minecraft.server.dedicated.DedicatedServer/]: Smile_and_Eye has made the advancement [Infinite Potential]
[17Jun2025 00:02:40.174] [Server thread/INFO] [net.minecraft.server.dedicated.DedicatedServer/]: [@: Changed the block at -181, 57, -84]
[17Jun2025 00:02:40.574] [Server thread/INFO] [net.minecraft.server.dedicated.DedicatedServer/]: [@: Changed the block at -181, 57, -84]
[17Jun2025 00:02:40.778] [Server thread/INFO] [net.minecraft.server.dedicated.DedicatedServer/]: Smile_and_Eye has made the advancement [Cover Me With Diamonds]
[17Jun2025 00:02:43.274] [Server thread/INFO] [net.minecraft.server.dedicated.DedicatedServer/]: [@: Changed the block at -181, 57, -84]
[17Jun2025 00:02:43.675] [Server thread/INFO] [net.minecraft.server.dedicated.DedicatedServer/]: [@: Changed the block at -181, 57, -84]
[17Jun2025 00:02:44.980] [Server thread/INFO] [net.minecraft.server.dedicated.DedicatedServer/]: [RompOrTos: Set own game mode to Creative Mode]
[17Jun2025 00:02:46.374] [Server thread/INFO] [net.minecraft.server.dedicated.DedicatedServer/]: [@: Changed the block at -181, 57, -84]
[17Jun2025 00:02:46.774] [Server thread/INFO] [net.minecraft.server.dedicated.DedicatedServer/]: [@: Changed the block at -181, 57, -84]
[17Jun2025 00:02:49.171] [Server thread/INFO] [net.minecraft.server.dedicated.DedicatedServer/]: <Smile_and_Eye> de qué murió?
[17Jun2025 00:02:49.474] [Server thread/INFO] [net.minecraft.server.dedicated.DedicatedServer/]: [@: Changed the block at -181, 57, -84]
[17Jun2025 00:02:49.874] [Server thread/INFO] [net.minecraft.server.dedicated.DedicatedServer/]: [@: Changed the block at -181, 57, -84]
[17Jun2025 00:02:52.145] [Server thread/INFO] [net.minecraft.server.dedicated.DedicatedServer/]: <Smile_and_Eye> oe
[17Jun2025 00:02:52.574] [Server thread/INFO] [net.minecraft.server.dedicated.DedicatedServer/]: [@: Changed the block at -181, 57, -84]
[17Jun2025 00:02:52.974] [Server thread/INFO] [net.minecraft.server.dedicated.DedicatedServer/]: [@: Changed the block at -181, 57, -84]
[17Jun2025 00:02:54.465] [Server thread/INFO] [net.minecraft.server.dedicated.DedicatedServer/]: <RompOrTos> por /kill
[17Jun2025 00:02:55.674] [Server thread/INFO] [net.minecraft.server.dedicated.DedicatedServer/]: [@: Changed the block at -181, 57, -84]
[17Jun2025 00:02:56.074] [Server thread/INFO] [net.minecraft.server.dedicated.DedicatedServer/]: [@: Changed the block at -181, 57, -84]
[17Jun2025 00:02:56.964] [Server thread/INFO] [net.minecraft.server.dedicated.DedicatedServer/]: <Smile_and_Eye> pusiste matar a todos o sos wn?
[17Jun2025 00:02:58.774] [Server thread/INFO] [net.minecraft.server.dedicated.DedicatedServer/]: [@: Changed the block at -181, 57, -84]
[17Jun2025 00:02:59.174] [Server thread/INFO] [net.minecraft.server.dedicated.DedicatedServer/]: [@: Changed the block at -181, 57, -84]
[17Jun2025 00:03:01.874] [Server thread/INFO] [net.minecraft.server.dedicated.DedicatedServer/]: [@: Changed the block at -181, 57, -84]
[17Jun2025 00:03:02.274] [Server thread/INFO] [net.minecraft.server.dedicated.DedicatedServer/]: [@: Changed the block at -181, 57, -84]
[17Jun2025 00:03:04.974] [Server thread/INFO] [net.minecraft.server.dedicated.DedicatedServer/]: [@: Changed the block at -181, 57, -84]
[17Jun2025 00:03:05.209] [Server thread/INFO] [net.minecraft.server.dedicated.DedicatedServer/]: <RompOrTos> si p
[17Jun2025 00:03:05.374] [Server thread/INFO] [net.minecraft.server.dedicated.DedicatedServer/]: [@: Changed the block at -181, 57, -84]
[17Jun2025 00:03:08.074] [Server thread/INFO] [net.minecraft.server.dedicated.DedicatedServer/]: [@: Changed the block at -181, 57, -84]
[17Jun2025 00:03:08.474] [Server thread/INFO] [net.minecraft.server.dedicated.DedicatedServer/]: [@: Changed the block at -181, 57, -84]
[17Jun2025 00:03:11.175] [Server thread/INFO] [net.minecraft.server.dedicated.DedicatedServer/]: [@: Changed the block at -181, 57, -84]
[17Jun2025 00:03:11.574] [Server thread/INFO] [net.minecraft.server.dedicated.DedicatedServer/]: [@: Changed the block at -181, 57, -84]
[17Jun2025 00:03:12.478] [Server thread/INFO] [net.minecraft.server.dedicated.DedicatedServer/]: RompOrTos has made the advancement [Every Cloud Has a Silver Lining]
[17Jun2025 00:03:14.275] [Server thread/INFO] [net.minecraft.server.dedicated.DedicatedServer/]: [@: Changed the block at -181, 57, -84]
[17Jun2025 00:03:14.674] [Server thread/INFO] [net.minecraft.server.dedicated.DedicatedServer/]: [@: Changed the block at -181, 57, -84]
[17Jun2025 00:03:17.374] [Server thread/INFO] [net.minecraft.server.dedicated.DedicatedServer/]: [@: Changed the block at -181, 57, -84]
[17Jun2025 00:03:17.774] [Server thread/INFO] [net.minecraft.server.dedicated.DedicatedServer/]: [@: Changed the block at -181, 57, -84]
[17Jun2025 00:03:20.474] [Server thread/INFO] [net.minecraft.server.dedicated.DedicatedServer/]: [@: Changed the block at -181, 57, -84]
[17Jun2025 00:03:20.874] [Server thread/INFO] [net.minecraft.server.dedicated.DedicatedServer/]: [@: Changed the block at -181, 57, -84]
[17Jun2025 00:03:20.910] [Server thread/INFO] [net.minecraft.server.dedicated.DedicatedServer/]: <Smile_and_Eye> una batalla rápida contra el simbionte p
[17Jun2025 00:03:23.574] [Server thread/INFO] [net.minecraft.server.dedicated.DedicatedServer/]: [@: Changed the block at -181, 57, -84]
[17Jun2025 00:03:23.949] [Server thread/INFO] [net.minecraft.server.dedicated.DedicatedServer/]: [Smile_and_Eye: Set own game mode to Creative Mode]
[17Jun2025 00:03:23.974] [Server thread/INFO] [net.minecraft.server.dedicated.DedicatedServer/]: [@: Changed the block at -181, 57, -84]
[17Jun2025 00:03:26.674] [Server thread/INFO] [net.minecraft.server.dedicated.DedicatedServer/]: [@: Changed the block at -181, 57, -84]
[17Jun2025 00:03:27.074] [Server thread/INFO] [net.minecraft.server.dedicated.DedicatedServer/]: [@: Changed the block at -181, 57, -84]
[17Jun2025 00:03:27.136] [Server thread/INFO] [net.minecraft.server.dedicated.DedicatedServer/]: <RompOrTos> xdd ya
[17Jun2025 00:03:29.774] [Server thread/INFO] [net.minecraft.server.dedicated.DedicatedServer/]: [@: Changed the block at -181, 57, -84]
[17Jun2025 00:03:30.174] [Server thread/INFO] [net.minecraft.server.dedicated.DedicatedServer/]: [@: Changed the block at -181, 57, -84]
[17Jun2025 00:03:32.874] [Server thread/INFO] [net.minecraft.server.dedicated.DedicatedServer/]: [@: Changed the block at -181, 57, -84]
[17Jun2025 00:03:33.274] [Server thread/INFO] [net.minecraft.server.dedicated.DedicatedServer/]: [@: Changed the block at -181, 57, -84]
[17Jun2025 00:03:34.342] [Server thread/INFO] [net.minecraft.server.dedicated.DedicatedServer/]: [Smile_and_Eye: Set own game mode to Survival Mode]
[17Jun2025 00:03:35.974] [Server thread/INFO] [net.minecraft.server.dedicated.DedicatedServer/]: [@: Changed the block at -181, 57, -84]
[17Jun2025 00:03:36.130] [Server thread/INFO] [net.minecraft.server.dedicated.DedicatedServer/]: <RompOrTos> full diamante nomas
[17Jun2025 00:03:36.374] [Server thread/INFO] [net.minecraft.server.dedicated.DedicatedServer/]: [@: Changed the block at -181, 57, -84]
[17Jun2025 00:03:39.074] [Server thread/INFO] [net.minecraft.server.dedicated.DedicatedServer/]: [@: Changed the block at -181, 57, -84]
[17Jun2025 00:03:39.474] [Server thread/INFO] [net.minecraft.server.dedicated.DedicatedServer/]: [@: Changed the block at -181, 57, -84]
[17Jun2025 00:03:42.174] [Server thread/INFO] [net.minecraft.server.dedicated.DedicatedServer/]: [@: Changed the block at -181, 57, -84]
[17Jun2025 00:03:42.574] [Server thread/INFO] [net.minecraft.server.dedicated.DedicatedServer/]: [@: Changed the block at -181, 57, -84]
[17Jun2025 00:03:45.274] [Server thread/INFO] [net.minecraft.server.dedicated.DedicatedServer/]: [@: Changed the block at -181, 57, -84]
[17Jun2025 00:03:45.674] [Server thread/INFO] [net.minecraft.server.dedicated.DedicatedServer/]: [@: Changed the block at -181, 57, -84]
[17Jun2025 00:03:48.374] [Server thread/INFO] [net.minecraft.server.dedicated.DedicatedServer/]: [@: Changed the block at -181, 57, -84]
[17Jun2025 00:03:48.775] [Server thread/INFO] [net.minecraft.server.dedicated.DedicatedServer/]: [@: Changed the block at -181, 57, -84]
[17Jun2025 00:03:51.474] [Server thread/INFO] [net.minecraft.server.dedicated.DedicatedServer/]: [@: Changed the block at -181, 57, -84]
[17Jun2025 00:03:51.876] [Server thread/INFO] [net.minecraft.server.dedicated.DedicatedServer/]: [@: Changed the block at -181, 57, -84]
[17Jun2025 00:03:52.608] [Server thread/INFO] [net.minecraft.server.dedicated.DedicatedServer/]: [RompOrTos: Set own game mode to Survival Mode]
[17Jun2025 00:03:54.574] [Server thread/INFO] [net.minecraft.server.dedicated.DedicatedServer/]: [@: Changed the block at -181, 57, -84]
[17Jun2025 00:03:54.974] [Server thread/INFO] [net.minecraft.server.dedicated.DedicatedServer/]: [@: Changed the block at -181, 57, -84]
[17Jun2025 00:03:57.674] [Server thread/INFO] [net.minecraft.server.dedicated.DedicatedServer/]: [@: Changed the block at -181, 57, -84]
[17Jun2025 00:03:58.074] [Server thread/INFO] [net.minecraft.server.dedicated.DedicatedServer/]: [@: Changed the block at -181, 57, -84]
[17Jun2025 00:04:00.774] [Server thread/INFO] [net.minecraft.server.dedicated.DedicatedServer/]: [@: Changed the block at -181, 57, -84]
[17Jun2025 00:04:01.174] [Server thread/INFO] [net.minecraft.server.dedicated.DedicatedServer/]: [@: Changed the block at -181, 57, -84]
[17Jun2025 00:04:03.874] [Server thread/INFO] [net.minecraft.server.dedicated.DedicatedServer/]: [@: Changed the block at -181, 57, -84]
[17Jun2025 00:04:04.274] [Server thread/INFO] [net.minecraft.server.dedicated.DedicatedServer/]: [@: Changed the block at -181, 57, -84]
[17Jun2025 00:04:06.975] [Server thread/INFO] [net.minecraft.server.dedicated.DedicatedServer/]: [@: Changed the block at -181, 57, -84]
[17Jun2025 00:04:07.374] [Server thread/INFO] [net.minecraft.server.dedicated.DedicatedServer/]: [@: Changed the block at -181, 57, -84]
[17Jun2025 00:04:10.075] [Server thread/INFO] [net.minecraft.server.dedicated.DedicatedServer/]: [@: Changed the block at -181, 57, -84]
[17Jun2025 00:04:10.474] [Server thread/INFO] [net.minecraft.server.dedicated.DedicatedServer/]: [@: Changed the block at -181, 57, -84]
[17Jun2025 00:04:13.174] [Server thread/INFO] [net.minecraft.server.dedicated.DedicatedServer/]: [@: Changed the block at -181, 57, -84]
[17Jun2025 00:04:13.574] [Server thread/INFO] [net.minecraft.server.dedicated.DedicatedServer/]: [@: Changed the block at -181, 57, -84]
[17Jun2025 00:04:16.274] [Server thread/INFO] [net.minecraft.server.dedicated.DedicatedServer/]: [@: Changed the block at -181, 57, -84]
[17Jun2025 00:04:16.674] [Server thread/INFO] [net.minecraft.server.dedicated.DedicatedServer/]: [@: Changed the block at -181, 57, -84]
[17Jun2025 00:04:19.375] [Server thread/INFO] [net.minecraft.server.dedicated.DedicatedServer/]: [@: Changed the block at -181, 57, -84]
[17Jun2025 00:04:19.774] [Server thread/INFO] [net.minecraft.server.dedicated.DedicatedServer/]: [@: Changed the block at -181, 57, -84]
[17Jun2025 00:04:22.474] [Server thread/INFO] [net.minecraft.server.dedicated.DedicatedServer/]: [@: Changed the block at -181, 57, -84]
[17Jun2025 00:04:22.874] [Server thread/INFO] [net.minecraft.server.dedicated.DedicatedServer/]: [@: Changed the block at -181, 57, -84]
[17Jun2025 00:04:25.574] [Server thread/INFO] [net.minecraft.server.dedicated.DedicatedServer/]: [@: Changed the block at -181, 57, -84]
[17Jun2025 00:04:25.974] [Server thread/INFO] [net.minecraft.server.dedicated.DedicatedServer/]: [@: Changed the block at -181, 57, -84]
[17Jun2025 00:04:28.674] [Server thread/INFO] [net.minecraft.server.dedicated.DedicatedServer/]: [@: Changed the block at -181, 57, -84]
[17Jun2025 00:04:29.074] [Server thread/INFO] [net.minecraft.server.dedicated.DedicatedServer/]: [@: Changed the block at -181, 57, -84]
[17Jun2025 00:04:31.775] [Server thread/INFO] [net.minecraft.server.dedicated.DedicatedServer/]: [@: Changed the block at -181, 57, -84]
[17Jun2025 00:04:32.175] [Server thread/INFO] [net.minecraft.server.dedicated.DedicatedServer/]: [@: Changed the block at -181, 57, -84]
[17Jun2025 00:04:34.875] [Server thread/INFO] [net.minecraft.server.dedicated.DedicatedServer/]: [@: Changed the block at -181, 57, -84]
[17Jun2025 00:04:35.274] [Server thread/INFO] [net.minecraft.server.dedicated.DedicatedServer/]: [@: Changed the block at -181, 57, -84]
[17Jun2025 00:04:37.974] [Server thread/INFO] [net.minecraft.server.dedicated.DedicatedServer/]: [@: Changed the block at -181, 57, -84]
[17Jun2025 00:04:38.375] [Server thread/INFO] [net.minecraft.server.dedicated.DedicatedServer/]: [@: Changed the block at -181, 57, -84]
[17Jun2025 00:04:41.074] [Server thread/INFO] [net.minecraft.server.dedicated.DedicatedServer/]: [@: Changed the block at -181, 57, -84]
[17Jun2025 00:04:41.474] [Server thread/INFO] [net.minecraft.server.dedicated.DedicatedServer/]: [@: Changed the block at -181, 57, -84]
[17Jun2025 00:04:44.174] [Server thread/INFO] [net.minecraft.server.dedicated.DedicatedServer/]: [@: Changed the block at -181, 57, -84]
[17Jun2025 00:04:44.574] [Server thread/INFO] [net.minecraft.server.dedicated.DedicatedServer/]: [@: Changed the block at -181, 57, -84]
[17Jun2025 00:04:47.274] [Server thread/INFO] [net.minecraft.server.dedicated.DedicatedServer/]: [@: Changed the block at -181, 57, -84]
[17Jun2025 00:04:47.674] [Server thread/INFO] [net.minecraft.server.dedicated.DedicatedServer/]: [@: Changed the block at -181, 57, -84]
[17Jun2025 00:04:50.374] [Server thread/INFO] [net.minecraft.server.dedicated.DedicatedServer/]: [@: Changed the block at -181, 57, -84]
[17Jun2025 00:04:50.774] [Server thread/INFO] [net.minecraft.server.dedicated.DedicatedServer/]: [@: Changed the block at -181, 57, -84]
[17Jun2025 00:04:53.475] [Server thread/INFO] [net.minecraft.server.dedicated.DedicatedServer/]: [@: Changed the block at -181, 57, -84]
[17Jun2025 00:04:53.874] [Server thread/INFO] [net.minecraft.server.dedicated.DedicatedServer/]: [@: Changed the block at -181, 57, -84]
[17Jun2025 00:04:56.574] [Server thread/INFO] [net.minecraft.server.dedicated.DedicatedServer/]: [@: Changed the block at -181, 57, -84]
[17Jun2025 00:04:56.974] [Server thread/INFO] [net.minecraft.server.dedicated.DedicatedServer/]: [@: Changed the block at -181, 57, -84]
[17Jun2025 00:04:59.675] [Server thread/INFO] [net.minecraft.server.dedicated.DedicatedServer/]: [@: Changed the block at -181, 57, -84]
[17Jun2025 00:05:00.074] [Server thread/INFO] [net.minecraft.server.dedicated.DedicatedServer/]: [@: Changed the block at -181, 57, -84]
[17Jun2025 00:05:02.774] [Server thread/INFO] [net.minecraft.server.dedicated.DedicatedServer/]: [@: Changed the block at -181, 57, -84]
[17Jun2025 00:05:03.174] [Server thread/INFO] [net.minecraft.server.dedicated.DedicatedServer/]: [@: Changed the block at -181, 57, -84]
[17Jun2025 00:05:05.874] [Server thread/INFO] [net.minecraft.server.dedicated.DedicatedServer/]: [@: Changed the block at -181, 57, -84]
[17Jun2025 00:05:06.274] [Server thread/INFO] [net.minecraft.server.dedicated.DedicatedServer/]: [@: Changed the block at -181, 57, -84]
[17Jun2025 00:05:08.974] [Server thread/INFO] [net.minecraft.server.dedicated.DedicatedServer/]: [@: Changed the block at -181, 57, -84]
[17Jun2025 00:05:09.374] [Server thread/INFO] [net.minecraft.server.dedicated.DedicatedServer/]: [@: Changed the block at -181, 57, -84]
[17Jun2025 00:05:12.074] [Server thread/INFO] [net.minecraft.server.dedicated.DedicatedServer/]: [@: Changed the block at -181, 57, -84]
[17Jun2025 00:05:12.474] [Server thread/INFO] [net.minecraft.server.dedicated.DedicatedServer/]: [@: Changed the block at -181, 57, -84]
[17Jun2025 00:05:15.174] [Server thread/INFO] [net.minecraft.server.dedicated.DedicatedServer/]: [@: Changed the block at -181, 57, -84]
[17Jun2025 00:05:15.575] [Server thread/INFO] [net.minecraft.server.dedicated.DedicatedServer/]: [@: Changed the block at -181, 57, -84]
[17Jun2025 00:05:18.274] [Server thread/INFO] [net.minecraft.server.dedicated.DedicatedServer/]: [@: Changed the block at -181, 57, -84]
[17Jun2025 00:05:18.674] [Server thread/INFO] [net.minecraft.server.dedicated.DedicatedServer/]: [@: Changed the block at -181, 57, -84]
[17Jun2025 00:05:21.374] [Server thread/INFO] [net.minecraft.server.dedicated.DedicatedServer/]: [@: Changed the block at -181, 57, -84]
[17Jun2025 00:05:21.774] [Server thread/INFO] [net.minecraft.server.dedicated.DedicatedServer/]: [@: Changed the block at -181, 57, -84]
[17Jun2025 00:05:24.474] [Server thread/INFO] [net.minecraft.server.dedicated.DedicatedServer/]: [@: Changed the block at -181, 57, -84]
[17Jun2025 00:05:24.874] [Server thread/INFO] [net.minecraft.server.dedicated.DedicatedServer/]: [@: Changed the block at -181, 57, -84]
[17Jun2025 00:05:25.531] [Server thread/INFO] [net.minecraft.server.dedicated.DedicatedServer/]: RompOrTos was blown up by Sickened Creeper
[17Jun2025 00:05:27.575] [Server thread/INFO] [net.minecraft.server.dedicated.DedicatedServer/]: [@: Changed the block at -181, 57, -84]
[17Jun2025 00:05:27.974] [Server thread/INFO] [net.minecraft.server.dedicated.DedicatedServer/]: [@: Changed the block at -181, 57, -84]
[17Jun2025 00:05:30.674] [Server thread/INFO] [net.minecraft.server.dedicated.DedicatedServer/]: [@: Changed the block at -181, 57, -84]
[17Jun2025 00:05:31.074] [Server thread/INFO] [net.minecraft.server.dedicated.DedicatedServer/]: [@: Changed the block at -181, 57, -84]
[17Jun2025 00:05:33.774] [Server thread/INFO] [net.minecraft.server.dedicated.DedicatedServer/]: [@: Changed the block at -181, 57, -84]
[17Jun2025 00:05:34.175] [Server thread/INFO] [net.minecraft.server.dedicated.DedicatedServer/]: [@: Changed the block at -181, 57, -84]
[17Jun2025 00:05:36.874] [Server thread/INFO] [net.minecraft.server.dedicated.DedicatedServer/]: [@: Changed the block at -181, 57, -84]
[17Jun2025 00:05:37.274] [Server thread/INFO] [net.minecraft.server.dedicated.DedicatedServer/]: [@: Changed the block at -181, 57, -84]
[17Jun2025 00:05:39.975] [Server thread/INFO] [net.minecraft.server.dedicated.DedicatedServer/]: [@: Changed the block at -181, 57, -84]
[17Jun2025 00:05:40.374] [Server thread/INFO] [net.minecraft.server.dedicated.DedicatedServer/]: [@: Changed the block at -181, 57, -84]
[17Jun2025 00:05:43.074] [Server thread/INFO] [net.minecraft.server.dedicated.DedicatedServer/]: [@: Changed the block at -181, 57, -84]
[17Jun2025 00:05:43.474] [Server thread/INFO] [net.minecraft.server.dedicated.DedicatedServer/]: [@: Changed the block at -181, 57, -84]
[17Jun2025 00:05:46.174] [Server thread/INFO] [net.minecraft.server.dedicated.DedicatedServer/]: [@: Changed the block at -181, 57, -84]
[17Jun2025 00:05:46.574] [Server thread/INFO] [net.minecraft.server.dedicated.DedicatedServer/]: [@: Changed the block at -181, 57, -84]
[17Jun2025 00:05:47.191] [Server thread/INFO] [net.minecraft.server.dedicated.DedicatedServer/]: [Smile_and_Eye: Gave 1 [Water Bucket] to Smile_and_Eye]
[17Jun2025 00:05:49.274] [Server thread/INFO] [net.minecraft.server.dedicated.DedicatedServer/]: [@: Changed the block at -181, 57, -84]
[17Jun2025 00:05:49.674] [Server thread/INFO] [net.minecraft.server.dedicated.DedicatedServer/]: [@: Changed the block at -181, 57, -84]
[17Jun2025 00:05:52.374] [Server thread/INFO] [net.minecraft.server.dedicated.DedicatedServer/]: [@: Changed the block at -181, 57, -84]
[17Jun2025 00:05:52.774] [Server thread/INFO] [net.minecraft.server.dedicated.DedicatedServer/]: [@: Changed the block at -181, 57, -84]
[17Jun2025 00:05:55.475] [Server thread/INFO] [net.minecraft.server.dedicated.DedicatedServer/]: [@: Changed the block at -181, 57, -84]
[17Jun2025 00:05:55.874] [Server thread/INFO] [net.minecraft.server.dedicated.DedicatedServer/]: [@: Changed the block at -181, 57, -84]
[17Jun2025 00:05:58.574] [Server thread/INFO] [net.minecraft.server.dedicated.DedicatedServer/]: [@: Changed the block at -181, 57, -84]
[17Jun2025 00:05:58.974] [Server thread/INFO] [net.minecraft.server.dedicated.DedicatedServer/]: [@: Changed the block at -181, 57, -84]
[17Jun2025 00:06:01.674] [Server thread/INFO] [net.minecraft.server.dedicated.DedicatedServer/]: [@: Changed the block at -181, 57, -84]
[17Jun2025 00:06:02.075] [Server thread/INFO] [net.minecraft.server.dedicated.DedicatedServer/]: [@: Changed the block at -181, 57, -84]
[17Jun2025 00:06:03.282] [Server thread/INFO] [net.minecraft.server.dedicated.DedicatedServer/]: RompOrTos was blown up by Sickened Creeper
[17Jun2025 00:06:04.453] [Server thread/INFO] [net.minecraft.server.dedicated.DedicatedServer/]: [Smile_and_Eye: Set own game mode to Creative Mode]
[17Jun2025 00:06:04.774] [Server thread/INFO] [net.minecraft.server.dedicated.DedicatedServer/]: [@: Changed the block at -181, 57, -84]
[17Jun2025 00:06:05.174] [Server thread/INFO] [net.minecraft.server.dedicated.DedicatedServer/]: [@: Changed the block at -181, 57, -84]
[17Jun2025 00:06:07.874] [Server thread/INFO] [net.minecraft.server.dedicated.DedicatedServer/]: [@: Changed the block at -181, 57, -84]
[17Jun2025 00:06:08.274] [Server thread/INFO] [net.minecraft.server.dedicated.DedicatedServer/]: [@: Changed the block at -181, 57, -84]
[17Jun2025 00:06:10.974] [Server thread/INFO] [net.minecraft.server.dedicated.DedicatedServer/]: [@: Changed the block at -181, 57, -84]
[17Jun2025 00:06:11.375] [Server thread/INFO] [net.minecraft.server.dedicated.DedicatedServer/]: [@: Changed the block at -181, 57, -84]
[17Jun2025 00:06:13.400] [Server thread/INFO] [net.minecraft.server.dedicated.DedicatedServer/]: [Smile_and_Eye: Gave 10 [Enchanted Golden Apple] to Smile_and_Eye]
[17Jun2025 00:06:14.075] [Server thread/INFO] [net.minecraft.server.dedicated.DedicatedServer/]: [@: Changed the block at -181, 57, -84]
[17Jun2025 00:06:14.475] [Server thread/INFO] [net.minecraft.server.dedicated.DedicatedServer/]: [@: Changed the block at -181, 57, -84]
[17Jun2025 00:06:15.788] [Server thread/INFO] [net.minecraft.server.dedicated.DedicatedServer/]: [Smile_and_Eye: Set own game mode to Survival Mode]
[17Jun2025 00:06:17.175] [Server thread/INFO] [net.minecraft.server.dedicated.DedicatedServer/]: [@: Changed the block at -181, 57, -84]
[17Jun2025 00:06:17.574] [Server thread/INFO] [net.minecraft.server.dedicated.DedicatedServer/]: [@: Changed the block at -181, 57, -84]
[17Jun2025 00:06:20.274] [Server thread/INFO] [net.minecraft.server.dedicated.DedicatedServer/]: [@: Changed the block at -181, 57, -84]
[17Jun2025 00:06:20.674] [Server thread/INFO] [net.minecraft.server.dedicated.DedicatedServer/]: [@: Changed the block at -181, 57, -84]
[17Jun2025 00:06:23.374] [Server thread/INFO] [net.minecraft.server.dedicated.DedicatedServer/]: [@: Changed the block at -181, 57, -84]
[17Jun2025 00:06:23.774] [Server thread/INFO] [net.minecraft.server.dedicated.DedicatedServer/]: [@: Changed the block at -181, 57, -84]
[17Jun2025 00:06:26.281] [Server thread/INFO] [net.minecraft.server.dedicated.DedicatedServer/]: RompOrTos was blown up by Sickened Creeper
[17Jun2025 00:06:26.474] [Server thread/INFO] [net.minecraft.server.dedicated.DedicatedServer/]: [@: Changed the block at -181, 57, -84]
[17Jun2025 00:06:26.874] [Server thread/INFO] [net.minecraft.server.dedicated.DedicatedServer/]: [@: Changed the block at -181, 57, -84]
[17Jun2025 00:06:29.574] [Server thread/INFO] [net.minecraft.server.dedicated.DedicatedServer/]: [@: Changed the block at -181, 57, -84]
[17Jun2025 00:06:29.974] [Server thread/INFO] [net.minecraft.server.dedicated.DedicatedServer/]: [@: Changed the block at -181, 57, -84]
[17Jun2025 00:06:32.674] [Server thread/INFO] [net.minecraft.server.dedicated.DedicatedServer/]: [@: Changed the block at -181, 57, -84]
[17Jun2025 00:06:33.074] [Server thread/INFO] [net.minecraft.server.dedicated.DedicatedServer/]: [@: Changed the block at -181, 57, -84]
[17Jun2025 00:06:33.492] [Server thread/INFO] [net.minecraft.server.dedicated.DedicatedServer/]: <RompOrTos> ya esta
[17Jun2025 00:06:35.775] [Server thread/INFO] [net.minecraft.server.dedicated.DedicatedServer/]: [@: Changed the block at -181, 57, -84]
[17Jun2025 00:06:36.174] [Server thread/INFO] [net.minecraft.server.dedicated.DedicatedServer/]: [@: Changed the block at -181, 57, -84]
[17Jun2025 00:06:38.874] [Server thread/INFO] [net.minecraft.server.dedicated.DedicatedServer/]: [@: Changed the block at -181, 57, -84]
[17Jun2025 00:06:39.274] [Server thread/INFO] [net.minecraft.server.dedicated.DedicatedServer/]: [@: Changed the block at -181, 57, -84]
[17Jun2025 00:06:41.974] [Server thread/INFO] [net.minecraft.server.dedicated.DedicatedServer/]: [@: Changed the block at -181, 57, -84]
[17Jun2025 00:06:42.374] [Server thread/INFO] [net.minecraft.server.dedicated.DedicatedServer/]: [@: Changed the block at -181, 57, -84]
[17Jun2025 00:06:45.075] [Server thread/INFO] [net.minecraft.server.dedicated.DedicatedServer/]: [@: Changed the block at -181, 57, -84]
[17Jun2025 00:06:45.474] [Server thread/INFO] [net.minecraft.server.dedicated.DedicatedServer/]: [@: Changed the block at -181, 57, -84]
[17Jun2025 00:06:48.174] [Server thread/INFO] [net.minecraft.server.dedicated.DedicatedServer/]: [@: Changed the block at -181, 57, -84]
[17Jun2025 00:06:48.574] [Server thread/INFO] [net.minecraft.server.dedicated.DedicatedServer/]: [@: Changed the block at -181, 57, -84]
[17Jun2025 00:06:51.274] [Server thread/INFO] [net.minecraft.server.dedicated.DedicatedServer/]: [@: Changed the block at -181, 57, -84]
[17Jun2025 00:06:51.674] [Server thread/INFO] [net.minecraft.server.dedicated.DedicatedServer/]: [@: Changed the block at -181, 57, -84]
[17Jun2025 00:06:53.660] [Server thread/INFO] [net.minecraft.server.dedicated.DedicatedServer/]: <Smile_and_Eye> oe hay que grabar y después nos pasamos todal a batalla contra el witherstorm
[17Jun2025 00:06:54.374] [Server thread/INFO] [net.minecraft.server.dedicated.DedicatedServer/]: [@: Changed the block at -181, 57, -84]
[17Jun2025 00:06:54.774] [Server thread/INFO] [net.minecraft.server.dedicated.DedicatedServer/]: [@: Changed the block at -181, 57, -84]
[17Jun2025 00:06:56.587] [Server thread/INFO] [net.minecraft.server.dedicated.DedicatedServer/]: [RompOrTos: Set own game mode to Spectator Mode]
[17Jun2025 00:06:57.474] [Server thread/INFO] [net.minecraft.server.dedicated.DedicatedServer/]: [@: Changed the block at -181, 57, -84]
[17Jun2025 00:06:57.874] [Server thread/INFO] [net.minecraft.server.dedicated.DedicatedServer/]: [@: Changed the block at -181, 57, -84]
[17Jun2025 00:07:00.574] [Server thread/INFO] [net.minecraft.server.dedicated.DedicatedServer/]: [@: Changed the block at -181, 57, -84]
[17Jun2025 00:07:00.974] [Server thread/INFO] [net.minecraft.server.dedicated.DedicatedServer/]: [@: Changed the block at -181, 57, -84]
[17Jun2025 00:07:02.879] [Server thread/INFO] [net.minecraft.server.dedicated.DedicatedServer/]: <RompOrTos> ya
[17Jun2025 00:07:03.674] [Server thread/INFO] [net.minecraft.server.dedicated.DedicatedServer/]: [@: Changed the block at -181, 57, -84]
[17Jun2025 00:07:04.074] [Server thread/INFO] [net.minecraft.server.dedicated.DedicatedServer/]: [@: Changed the block at -181, 57, -84]
[17Jun2025 00:07:06.774] [Server thread/INFO] [net.minecraft.server.dedicated.DedicatedServer/]: [@: Changed the block at -181, 57, -84]
[17Jun2025 00:07:07.174] [Server thread/INFO] [net.minecraft.server.dedicated.DedicatedServer/]: [@: Changed the block at -181, 57, -84]
[17Jun2025 00:07:08.628] [Server thread/INFO] [net.minecraft.server.dedicated.DedicatedServer/]: Smile_and_Eye was shot by Sickened Skeleton
[17Jun2025 00:07:09.873] [Server thread/INFO] [net.minecraft.server.dedicated.DedicatedServer/]: [@: Changed the block at -181, 57, -84]
[17Jun2025 00:07:10.273] [Server thread/INFO] [net.minecraft.server.dedicated.DedicatedServer/]: [@: Changed the block at -181, 57, -84]
[17Jun2025 00:07:12.974] [Server thread/INFO] [net.minecraft.server.dedicated.DedicatedServer/]: [@: Changed the block at -181, 57, -84]
[17Jun2025 00:07:13.374] [Server thread/INFO] [net.minecraft.server.dedicated.DedicatedServer/]: [@: Changed the block at -181, 57, -84]
[17Jun2025 00:07:13.828] [Server thread/INFO] [net.minecraft.server.dedicated.DedicatedServer/]: <RompOrTos> improvisa tu parte y sigue lo demas
[17Jun2025 00:07:16.074] [Server thread/INFO] [net.minecraft.server.dedicated.DedicatedServer/]: [@: Changed the block at -181, 57, -84]
[17Jun2025 00:07:16.474] [Server thread/INFO] [net.minecraft.server.dedicated.DedicatedServer/]: [@: Changed the block at -181, 57, -84]
[17Jun2025 00:07:18.097] [Server thread/INFO] [net.minecraft.server.dedicated.DedicatedServer/]: [Smile_and_Eye: Set own game mode to Creative Mode]
[17Jun2025 00:07:19.174] [Server thread/INFO] [net.minecraft.server.dedicated.DedicatedServer/]: [@: Changed the block at -181, 57, -84]
[17Jun2025 00:07:19.574] [Server thread/INFO] [net.minecraft.server.dedicated.DedicatedServer/]: [@: Changed the block at -181, 57, -84]
[17Jun2025 00:07:20.420] [Server thread/INFO] [net.minecraft.server.dedicated.DedicatedServer/]: <Smile_and_Eye> espera espera
[17Jun2025 00:07:22.178] [Server thread/INFO] [net.minecraft.server.dedicated.DedicatedServer/]: <Smile_and_Eye> qué cosa?
[17Jun2025 00:07:22.275] [Server thread/INFO] [net.minecraft.server.dedicated.DedicatedServer/]: [@: Changed the block at -181, 57, -84]
[17Jun2025 00:07:22.675] [Server thread/INFO] [net.minecraft.server.dedicated.DedicatedServer/]: [@: Changed the block at -181, 57, -84]
[17Jun2025 00:07:24.907] [Server thread/INFO] [net.minecraft.server.dedicated.DedicatedServer/]: <RompOrTos> es la parte q sale el wither y le pregunto eres dios
[17Jun2025 00:07:25.374] [Server thread/INFO] [net.minecraft.server.dedicated.DedicatedServer/]: [@: Changed the block at -181, 57, -84]
[17Jun2025 00:07:25.774] [Server thread/INFO] [net.minecraft.server.dedicated.DedicatedServer/]: [@: Changed the block at -181, 57, -84]
[17Jun2025 00:07:28.474] [Server thread/INFO] [net.minecraft.server.dedicated.DedicatedServer/]: [@: Changed the block at -181, 57, -84]
[17Jun2025 00:07:28.874] [Server thread/INFO] [net.minecraft.server.dedicated.DedicatedServer/]: [@: Changed the block at -181, 57, -84]
[17Jun2025 00:07:30.917] [Server thread/INFO] [net.minecraft.server.dedicated.DedicatedServer/]: <RompOrTos> digo existe dios
[17Jun2025 00:07:31.574] [Server thread/INFO] [net.minecraft.server.dedicated.DedicatedServer/]: [@: Changed the block at -181, 57, -84]
[17Jun2025 00:07:31.974] [Server thread/INFO] [net.minecraft.server.dedicated.DedicatedServer/]: [@: Changed the block at -181, 57, -84]
[17Jun2025 00:07:34.674] [Server thread/INFO] [net.minecraft.server.dedicated.DedicatedServer/]: [@: Changed the block at -181, 57, -84]
[17Jun2025 00:07:35.074] [Server thread/INFO] [net.minecraft.server.dedicated.DedicatedServer/]: [@: Changed the block at -181, 57, -84]
[17Jun2025 00:07:37.774] [Server thread/INFO] [net.minecraft.server.dedicated.DedicatedServer/]: [@: Changed the block at -181, 57, -84]
[17Jun2025 00:07:38.174] [Server thread/INFO] [net.minecraft.server.dedicated.DedicatedServer/]: [@: Changed the block at -181, 57, -84]
[17Jun2025 00:07:40.874] [Server thread/INFO] [net.minecraft.server.dedicated.DedicatedServer/]: [@: Changed the block at -181, 57, -84]
[17Jun2025 00:07:41.274] [Server thread/INFO] [net.minecraft.server.dedicated.DedicatedServer/]: [@: Changed the block at -181, 57, -84]
[17Jun2025 00:07:41.569] [Server thread/INFO] [net.minecraft.server.dedicated.DedicatedServer/]: [RompOrTos: Set own game mode to Survival Mode]
[17Jun2025 00:07:43.974] [Server thread/INFO] [net.minecraft.server.dedicated.DedicatedServer/]: [@: Changed the block at -181, 57, -84]
[17Jun2025 00:07:44.374] [Server thread/INFO] [net.minecraft.server.dedicated.DedicatedServer/]: [@: Changed the block at -181, 57, -84]
[17Jun2025 00:07:47.075] [Server thread/INFO] [net.minecraft.server.dedicated.DedicatedServer/]: [@: Changed the block at -181, 57, -84]
[17Jun2025 00:07:47.474] [Server thread/INFO] [net.minecraft.server.dedicated.DedicatedServer/]: [@: Changed the block at -181, 57, -84]
[17Jun2025 00:07:50.174] [Server thread/INFO] [net.minecraft.server.dedicated.DedicatedServer/]: [@: Changed the block at -181, 57, -84]
[17Jun2025 00:07:50.574] [Server thread/INFO] [net.minecraft.server.dedicated.DedicatedServer/]: [@: Changed the block at -181, 57, -84]
[17Jun2025 00:07:53.274] [Server thread/INFO] [net.minecraft.server.dedicated.DedicatedServer/]: [@: Changed the block at -181, 57, -84]
[17Jun2025 00:07:53.674] [Server thread/INFO] [net.minecraft.server.dedicated.DedicatedServer/]: [@: Changed the block at -181, 57, -84]
[17Jun2025 00:07:56.375] [Server thread/INFO] [net.minecraft.server.dedicated.DedicatedServer/]: [@: Changed the block at -181, 57, -84]
[17Jun2025 00:07:56.774] [Server thread/INFO] [net.minecraft.server.dedicated.DedicatedServer/]: [@: Changed the block at -181, 57, -84]
[17Jun2025 00:07:59.474] [Server thread/INFO] [net.minecraft.server.dedicated.DedicatedServer/]: [@: Changed the block at -181, 57, -84]
[17Jun2025 00:07:59.874] [Server thread/INFO] [net.minecraft.server.dedicated.DedicatedServer/]: [@: Changed the block at -181, 57, -84]
[17Jun2025 00:08:01.227] [Server thread/INFO] [net.minecraft.server.dedicated.DedicatedServer/]: <RompOrTos> literal tamos q recreamos la escena y ya yo le meto floro p
[17Jun2025 00:08:02.574] [Server thread/INFO] [net.minecraft.server.dedicated.DedicatedServer/]: [@: Changed the block at -181, 57, -84]
[17Jun2025 00:08:02.974] [Server thread/INFO] [net.minecraft.server.dedicated.DedicatedServer/]: [@: Changed the block at -181, 57, -84]
[17Jun2025 00:08:05.674] [Server thread/INFO] [net.minecraft.server.dedicated.DedicatedServer/]: [@: Changed the block at -181, 57, -84]
[17Jun2025 00:08:06.074] [Server thread/INFO] [net.minecraft.server.dedicated.DedicatedServer/]: [@: Changed the block at -181, 57, -84]
[17Jun2025 00:08:08.774] [Server thread/INFO] [net.minecraft.server.dedicated.DedicatedServer/]: [@: Changed the block at -181, 57, -84]
[17Jun2025 00:08:09.174] [Server thread/INFO] [net.minecraft.server.dedicated.DedicatedServer/]: [@: Changed the block at -181, 57, -84]
[17Jun2025 00:08:11.875] [Server thread/INFO] [net.minecraft.server.dedicated.DedicatedServer/]: [@: Changed the block at -181, 57, -84]
[17Jun2025 00:08:11.884] [Server thread/INFO] [net.minecraft.server.dedicated.DedicatedServer/]: [RompOrTos: Teleported Smile_and_Eye to RompOrTos]
[17Jun2025 00:08:12.274] [Server thread/INFO] [net.minecraft.server.dedicated.DedicatedServer/]: [@: Changed the block at -181, 57, -84]
[17Jun2025 00:08:14.974] [Server thread/INFO] [net.minecraft.server.dedicated.DedicatedServer/]: [@: Changed the block at -181, 57, -84]
[17Jun2025 00:08:15.374] [Server thread/INFO] [net.minecraft.server.dedicated.DedicatedServer/]: [@: Changed the block at -181, 57, -84]
[17Jun2025 00:08:17.344] [Server thread/INFO] [net.minecraft.server.dedicated.DedicatedServer/]: <Smile_and_Eye> a ver
[17Jun2025 00:08:18.074] [Server thread/INFO] [net.minecraft.server.dedicated.DedicatedServer/]: [@: Changed the block at -181, 57, -84]
[17Jun2025 00:08:18.474] [Server thread/INFO] [net.minecraft.server.dedicated.DedicatedServer/]: [@: Changed the block at -181, 57, -84]
[17Jun2025 00:08:19.177] [Server thread/INFO] [net.minecraft.server.dedicated.DedicatedServer/]: <Smile_and_Eye> qué hago?
[17Jun2025 00:08:21.174] [Server thread/INFO] [net.minecraft.server.dedicated.DedicatedServer/]: [@: Changed the block at -181, 57, -84]
[17Jun2025 00:08:21.574] [Server thread/INFO] [net.minecraft.server.dedicated.DedicatedServer/]: [@: Changed the block at -181, 57, -84]
[17Jun2025 00:08:24.274] [Server thread/INFO] [net.minecraft.server.dedicated.DedicatedServer/]: [@: Changed the block at -181, 57, -84]
[17Jun2025 00:08:24.674] [Server thread/INFO] [net.minecraft.server.dedicated.DedicatedServer/]: [@: Changed the block at -181, 57, -84]
[17Jun2025 00:08:27.374] [Server thread/INFO] [net.minecraft.server.dedicated.DedicatedServer/]: [@: Changed the block at -181, 57, -84]
[17Jun2025 00:08:27.774] [Server thread/INFO] [net.minecraft.server.dedicated.DedicatedServer/]: [@: Changed the block at -181, 57, -84]
[17Jun2025 00:08:28.111] [Server thread/INFO] [net.minecraft.server.dedicated.DedicatedServer/]: <RompOrTos> creo nomas improvisa
[17Jun2025 00:08:30.474] [Server thread/INFO] [net.minecraft.server.dedicated.DedicatedServer/]: [@: Changed the block at -181, 57, -84]
[17Jun2025 00:08:30.874] [Server thread/INFO] [net.minecraft.server.dedicated.DedicatedServer/]: [@: Changed the block at -181, 57, -84]
[17Jun2025 00:08:33.574] [Server thread/INFO] [net.minecraft.server.dedicated.DedicatedServer/]: [@: Changed the block at -181, 57, -84]
[17Jun2025 00:08:33.974] [Server thread/INFO] [net.minecraft.server.dedicated.DedicatedServer/]: [@: Changed the block at -181, 57, -84]
[17Jun2025 00:08:34.178] [Server thread/INFO] [net.minecraft.server.dedicated.DedicatedServer/]: [Smile_and_Eye: Summoned new Minecart with Command Block]
[17Jun2025 00:08:35.941] [Server thread/INFO] [net.minecraft.server.dedicated.DedicatedServer/]: <RompOrTos> de estos avances algo asi
[17Jun2025 00:08:36.674] [Server thread/INFO] [net.minecraft.server.dedicated.DedicatedServer/]: [@: Changed the block at -181, 57, -84]
[17Jun2025 00:08:37.074] [Server thread/INFO] [net.minecraft.server.dedicated.DedicatedServer/]: [@: Changed the block at -181, 57, -84]
[17Jun2025 00:08:39.774] [Server thread/INFO] [net.minecraft.server.dedicated.DedicatedServer/]: [@: Changed the block at -181, 57, -84]
[17Jun2025 00:08:40.174] [Server thread/INFO] [net.minecraft.server.dedicated.DedicatedServer/]: [@: Changed the block at -181, 57, -84]
[17Jun2025 00:08:42.874] [Server thread/INFO] [net.minecraft.server.dedicated.DedicatedServer/]: [@: Changed the block at -181, 57, -84]
[17Jun2025 00:08:43.274] [Server thread/INFO] [net.minecraft.server.dedicated.DedicatedServer/]: [@: Changed the block at -181, 57, -84]
[17Jun2025 00:08:45.975] [Server thread/INFO] [net.minecraft.server.dedicated.DedicatedServer/]: [@: Changed the block at -181, 57, -84]
[17Jun2025 00:08:46.374] [Server thread/INFO] [net.minecraft.server.dedicated.DedicatedServer/]: [@: Changed the block at -181, 57, -84]
[17Jun2025 00:08:49.074] [Server thread/INFO] [net.minecraft.server.dedicated.DedicatedServer/]: [@: Changed the block at -181, 57, -84]
[17Jun2025 00:08:49.268] [Server thread/INFO] [net.minecraft.server.dedicated.DedicatedServer/]: <RompOrTos> literal veo el cuento y nomas haces poner el bloq xdd
[17Jun2025 00:08:49.474] [Server thread/INFO] [net.minecraft.server.dedicated.DedicatedServer/]: [@: Changed the block at -181, 57, -84]
[17Jun2025 00:08:52.174] [Server thread/INFO] [net.minecraft.server.dedicated.DedicatedServer/]: [@: Changed the block at -181, 57, -84]
[17Jun2025 00:08:52.574] [Server thread/INFO] [net.minecraft.server.dedicated.DedicatedServer/]: [@: Changed the block at -181, 57, -84]
[17Jun2025 00:08:53.328] [Server thread/INFO] [net.minecraft.server.dedicated.DedicatedServer/]: [Smile_and_Eye: Summoned new Command Block]
[17Jun2025 00:08:55.274] [Server thread/INFO] [net.minecraft.server.dedicated.DedicatedServer/]: [@: Changed the block at -181, 57, -84]
[17Jun2025 00:08:55.674] [Server thread/INFO] [net.minecraft.server.dedicated.DedicatedServer/]: [@: Changed the block at -181, 57, -84]
[17Jun2025 00:08:58.374] [Server thread/INFO] [net.minecraft.server.dedicated.DedicatedServer/]: [@: Changed the block at -181, 57, -84]
[17Jun2025 00:08:58.453] [Server thread/INFO] [net.minecraft.server.dedicated.DedicatedServer/]: <RompOrTos> xdd
[17Jun2025 00:08:58.774] [Server thread/INFO] [net.minecraft.server.dedicated.DedicatedServer/]: [@: Changed the block at -181, 57, -84]
[17Jun2025 00:09:01.474] [Server thread/INFO] [net.minecraft.server.dedicated.DedicatedServer/]: [@: Changed the block at -181, 57, -84]
[17Jun2025 00:09:01.557] [Server thread/INFO] [net.minecraft.server.dedicated.DedicatedServer/]: [Smile_and_Eye: Killed Command Block]
[17Jun2025 00:09:01.874] [Server thread/INFO] [net.minecraft.server.dedicated.DedicatedServer/]: [@: Changed the block at -181, 57, -84]
[17Jun2025 00:09:02.927] [Server thread/INFO] [net.minecraft.server.dedicated.DedicatedServer/]: <RompOrTos> bueno
[17Jun2025 00:09:04.574] [Server thread/INFO] [net.minecraft.server.dedicated.DedicatedServer/]: [@: Changed the block at -181, 57, -84]
[17Jun2025 00:09:04.974] [Server thread/INFO] [net.minecraft.server.dedicated.DedicatedServer/]: [@: Changed the block at -181, 57, -84]
[17Jun2025 00:09:07.674] [Server thread/INFO] [net.minecraft.server.dedicated.DedicatedServer/]: [@: Changed the block at -181, 57, -84]
[17Jun2025 00:09:08.074] [Server thread/INFO] [net.minecraft.server.dedicated.DedicatedServer/]: [@: Changed the block at -181, 57, -84]
[17Jun2025 00:09:10.774] [Server thread/INFO] [net.minecraft.server.dedicated.DedicatedServer/]: [@: Changed the block at -181, 57, -84]
[17Jun2025 00:09:11.174] [Server thread/INFO] [net.minecraft.server.dedicated.DedicatedServer/]: [@: Changed the block at -181, 57, -84]
[17Jun2025 00:09:13.874] [Server thread/INFO] [net.minecraft.server.dedicated.DedicatedServer/]: [@: Changed the block at -181, 57, -84]
[17Jun2025 00:09:14.274] [Server thread/INFO] [net.minecraft.server.dedicated.DedicatedServer/]: [@: Changed the block at -181, 57, -84]
[17Jun2025 00:09:16.974] [Server thread/INFO] [net.minecraft.server.dedicated.DedicatedServer/]: [@: Changed the block at -181, 57, -84]
[17Jun2025 00:09:17.337] [Server thread/INFO] [net.minecraft.server.dedicated.DedicatedServer/]: <RompOrTos> xddd era una entidad
[17Jun2025 00:09:17.374] [Server thread/INFO] [net.minecraft.server.dedicated.DedicatedServer/]: [@: Changed the block at -181, 57, -84]
[17Jun2025 00:09:20.074] [Server thread/INFO] [net.minecraft.server.dedicated.DedicatedServer/]: [@: Changed the block at -181, 57, -84]
[17Jun2025 00:09:20.474] [Server thread/INFO] [net.minecraft.server.dedicated.DedicatedServer/]: [@: Changed the block at -181, 57, -84]
[17Jun2025 00:09:23.174] [Server thread/INFO] [net.minecraft.server.dedicated.DedicatedServer/]: [@: Changed the block at -181, 57, -84]
[17Jun2025 00:09:23.574] [Server thread/INFO] [net.minecraft.server.dedicated.DedicatedServer/]: [@: Changed the block at -181, 57, -84]
[17Jun2025 00:09:24.779] [Server thread/INFO] [net.minecraft.server.dedicated.DedicatedServer/]: [Smile_and_Eye: Summoned new Command Block]
[17Jun2025 00:09:26.274] [Server thread/INFO] [net.minecraft.server.dedicated.DedicatedServer/]: [@: Changed the block at -181, 57, -84]
[17Jun2025 00:09:26.674] [Server thread/INFO] [net.minecraft.server.dedicated.DedicatedServer/]: [@: Changed the block at -181, 57, -84]
[17Jun2025 00:09:29.374] [Server thread/INFO] [net.minecraft.server.dedicated.DedicatedServer/]: [@: Changed the block at -181, 57, -84]
[17Jun2025 00:09:29.774] [Server thread/INFO] [net.minecraft.server.dedicated.DedicatedServer/]: [@: Changed the block at -181, 57, -84]
[17Jun2025 00:09:32.474] [Server thread/INFO] [net.minecraft.server.dedicated.DedicatedServer/]: [@: Changed the block at -181, 57, -84]
[17Jun2025 00:09:32.874] [Server thread/INFO] [net.minecraft.server.dedicated.DedicatedServer/]: [@: Changed the block at -181, 57, -84]
[17Jun2025 00:09:32.919] [Server thread/INFO] [net.minecraft.server.dedicated.DedicatedServer/]: [Smile_and_Eye: Killed Command Block]
[17Jun2025 00:09:34.019] [Server thread/INFO] [net.minecraft.server.dedicated.DedicatedServer/]: [RompOrTos: Set own game mode to Creative Mode]
[17Jun2025 00:09:35.574] [Server thread/INFO] [net.minecraft.server.dedicated.DedicatedServer/]: [@: Changed the block at -181, 57, -84]
[17Jun2025 00:09:35.974] [Server thread/INFO] [net.minecraft.server.dedicated.DedicatedServer/]: [@: Changed the block at -181, 57, -84]
[17Jun2025 00:09:37.645] [Server thread/INFO] [net.minecraft.server.dedicated.DedicatedServer/]: [Smile_and_Eye: Summoned new Command Block]
[17Jun2025 00:09:38.675] [Server thread/INFO] [net.minecraft.server.dedicated.DedicatedServer/]: [@: Changed the block at -181, 57, -84]
[17Jun2025 00:09:39.074] [Server thread/INFO] [net.minecraft.server.dedicated.DedicatedServer/]: [@: Changed the block at -181, 57, -84]
[17Jun2025 00:09:41.774] [Server thread/INFO] [net.minecraft.server.dedicated.DedicatedServer/]: [@: Changed the block at -181, 57, -84]
[17Jun2025 00:09:42.174] [Server thread/INFO] [net.minecraft.server.dedicated.DedicatedServer/]: [@: Changed the block at -181, 57, -84]
[17Jun2025 00:09:44.874] [Server thread/INFO] [net.minecraft.server.dedicated.DedicatedServer/]: [@: Changed the block at -181, 57, -84]
[17Jun2025 00:09:45.274] [Server thread/INFO] [net.minecraft.server.dedicated.DedicatedServer/]: [@: Changed the block at -181, 57, -84]
[17Jun2025 00:09:47.974] [Server thread/INFO] [net.minecraft.server.dedicated.DedicatedServer/]: [@: Changed the block at -181, 57, -84]
[17Jun2025 00:09:48.374] [Server thread/INFO] [net.minecraft.server.dedicated.DedicatedServer/]: [@: Changed the block at -181, 57, -84]
[17Jun2025 00:09:51.074] [Server thread/INFO] [net.minecraft.server.dedicated.DedicatedServer/]: [@: Changed the block at -181, 57, -84]
[17Jun2025 00:09:51.232] [Server thread/INFO] [net.minecraft.server.dedicated.DedicatedServer/]: <Smile_and_Eye> god sí o no
[17Jun2025 00:09:51.474] [Server thread/INFO] [net.minecraft.server.dedicated.DedicatedServer/]: [@: Changed the block at -181, 57, -84]
[17Jun2025 00:09:52.700] [Server thread/INFO] [net.minecraft.server.dedicated.DedicatedServer/]: <RompOrTos> ya p grabate tu aduio p
[17Jun2025 00:09:54.174] [Server thread/INFO] [net.minecraft.server.dedicated.DedicatedServer/]: [@: Changed the block at -181, 57, -84]
[17Jun2025 00:09:54.574] [Server thread/INFO] [net.minecraft.server.dedicated.DedicatedServer/]: [@: Changed the block at -181, 57, -84]
[17Jun2025 00:09:55.627] [Server thread/INFO] [net.minecraft.server.dedicated.DedicatedServer/]: <RompOrTos> si
[17Jun2025 00:09:56.769] [Server thread/INFO] [net.minecraft.server.dedicated.DedicatedServer/]: <Smile_and_Eye> no wn
[17Jun2025 00:09:57.274] [Server thread/INFO] [net.minecraft.server.dedicated.DedicatedServer/]: [@: Changed the block at -181, 57, -84]
[17Jun2025 00:09:57.674] [Server thread/INFO] [net.minecraft.server.dedicated.DedicatedServer/]: [@: Changed the block at -181, 57, -84]
[17Jun2025 00:09:59.262] [Server thread/INFO] [net.minecraft.server.dedicated.DedicatedServer/]: <Smile_and_Eye> qué digo?
[17Jun2025 00:10:00.374] [Server thread/INFO] [net.minecraft.server.dedicated.DedicatedServer/]: [@: Changed the block at -181, 57, -84]
[17Jun2025 00:10:00.774] [Server thread/INFO] [net.minecraft.server.dedicated.DedicatedServer/]: [@: Changed the block at -181, 57, -84]
[17Jun2025 00:10:03.474] [Server thread/INFO] [net.minecraft.server.dedicated.DedicatedServer/]: [@: Changed the block at -181, 57, -84]
[17Jun2025 00:10:03.874] [Server thread/INFO] [net.minecraft.server.dedicated.DedicatedServer/]: [@: Changed the block at -181, 57, -84]
[17Jun2025 00:10:06.574] [Server thread/INFO] [net.minecraft.server.dedicated.DedicatedServer/]: [@: Changed the block at -181, 57, -84]
[17Jun2025 00:10:07.226] [Server thread/INFO] [net.minecraft.server.dedicated.DedicatedServer/]: [@: Changed the block at -181, 57, -84]
[17Jun2025 00:10:09.674] [Server thread/INFO] [net.minecraft.server.dedicated.DedicatedServer/]: [@: Changed the block at -181, 57, -84]
[17Jun2025 00:10:10.074] [Server thread/INFO] [net.minecraft.server.dedicated.DedicatedServer/]: [@: Changed the block at -181, 57, -84]
[17Jun2025 00:10:11.230] [Server thread/INFO] [net.minecraft.server.dedicated.DedicatedServer/]: <RompOrTos> cualquier cosa
[17Jun2025 00:10:12.774] [Server thread/INFO] [net.minecraft.server.dedicated.DedicatedServer/]: [@: Changed the block at -181, 57, -84]
[17Jun2025 00:10:13.173] [Server thread/INFO] [net.minecraft.server.dedicated.DedicatedServer/]: [@: Changed the block at -181, 57, -84]
[17Jun2025 00:10:15.874] [Server thread/INFO] [net.minecraft.server.dedicated.DedicatedServer/]: [@: Changed the block at -181, 57, -84]
[17Jun2025 00:10:16.274] [Server thread/INFO] [net.minecraft.server.dedicated.DedicatedServer/]: [@: Changed the block at -181, 57, -84]
[17Jun2025 00:10:18.974] [Server thread/INFO] [net.minecraft.server.dedicated.DedicatedServer/]: [@: Changed the block at -181, 57, -84]
[17Jun2025 00:10:19.374] [Server thread/INFO] [net.minecraft.server.dedicated.DedicatedServer/]: [@: Changed the block at -181, 57, -84]
[17Jun2025 00:10:22.074] [Server thread/INFO] [net.minecraft.server.dedicated.DedicatedServer/]: [@: Changed the block at -181, 57, -84]
[17Jun2025 00:10:22.474] [Server thread/INFO] [net.minecraft.server.dedicated.DedicatedServer/]: [@: Changed the block at -181, 57, -84]
[17Jun2025 00:10:22.495] [Server thread/INFO] [net.minecraft.server.dedicated.DedicatedServer/]: <RompOrTos> hazte q vas a invocar el wither storm
[17Jun2025 00:10:25.174] [Server thread/INFO] [net.minecraft.server.dedicated.DedicatedServer/]: [@: Changed the block at -181, 57, -84]
[17Jun2025 00:10:25.574] [Server thread/INFO] [net.minecraft.server.dedicated.DedicatedServer/]: [@: Changed the block at -181, 57, -84]
[17Jun2025 00:10:26.677] [Server thread/INFO] [net.minecraft.server.dedicated.DedicatedServer/]: <Smile_and_Eye> tengo una idea
[17Jun2025 00:10:28.274] [Server thread/INFO] [net.minecraft.server.dedicated.DedicatedServer/]: [@: Changed the block at -181, 57, -84]
[17Jun2025 00:10:28.674] [Server thread/INFO] [net.minecraft.server.dedicated.DedicatedServer/]: [@: Changed the block at -181, 57, -84]
[17Jun2025 00:10:31.374] [Server thread/INFO] [net.minecraft.server.dedicated.DedicatedServer/]: [@: Changed the block at -181, 57, -84]
[17Jun2025 00:10:31.774] [Server thread/INFO] [net.minecraft.server.dedicated.DedicatedServer/]: [@: Changed the block at -181, 57, -84]
[17Jun2025 00:10:33.288] [Server thread/INFO] [net.minecraft.server.dedicated.DedicatedServer/]: [Smile_and_Eye: Killed Command Block]
[17Jun2025 00:10:34.474] [Server thread/INFO] [net.minecraft.server.dedicated.DedicatedServer/]: [@: Changed the block at -181, 57, -84]
[17Jun2025 00:10:34.874] [Server thread/INFO] [net.minecraft.server.dedicated.DedicatedServer/]: [@: Changed the block at -181, 57, -84]
[17Jun2025 00:10:37.574] [Server thread/INFO] [net.minecraft.server.dedicated.DedicatedServer/]: [@: Changed the block at -181, 57, -84]
[17Jun2025 00:10:37.974] [Server thread/INFO] [net.minecraft.server.dedicated.DedicatedServer/]: [@: Changed the block at -181, 57, -84]
[17Jun2025 00:10:38.869] [Server thread/INFO] [net.minecraft.server.dedicated.DedicatedServer/]: <RompOrTos> si mejor has la referencia p
[17Jun2025 00:10:40.674] [Server thread/INFO] [net.minecraft.server.dedicated.DedicatedServer/]: [@: Changed the block at -181, 57, -84]
[17Jun2025 00:10:41.074] [Server thread/INFO] [net.minecraft.server.dedicated.DedicatedServer/]: [@: Changed the block at -181, 57, -84]
[17Jun2025 00:10:43.774] [Server thread/INFO] [net.minecraft.server.dedicated.DedicatedServer/]: [@: Changed the block at -181, 57, -84]
[17Jun2025 00:10:44.174] [Server thread/INFO] [net.minecraft.server.dedicated.DedicatedServer/]: [@: Changed the block at -181, 57, -84]
[17Jun2025 00:10:46.874] [Server thread/INFO] [net.minecraft.server.dedicated.DedicatedServer/]: [@: Changed the block at -181, 57, -84]
[17Jun2025 00:10:47.274] [Server thread/INFO] [net.minecraft.server.dedicated.DedicatedServer/]: [@: Changed the block at -181, 57, -84]
[17Jun2025 00:10:49.974] [Server thread/INFO] [net.minecraft.server.dedicated.DedicatedServer/]: [@: Changed the block at -181, 57, -84]
[17Jun2025 00:10:50.023] [Server thread/INFO] [net.minecraft.server.dedicated.DedicatedServer/]: [Smile_and_Eye: Summoned new Command Block]
[17Jun2025 00:10:50.374] [Server thread/INFO] [net.minecraft.server.dedicated.DedicatedServer/]: [@: Changed the block at -181, 57, -84]
[17Jun2025 00:10:53.074] [Server thread/INFO] [net.minecraft.server.dedicated.DedicatedServer/]: [@: Changed the block at -181, 57, -84]
[17Jun2025 00:10:53.474] [Server thread/INFO] [net.minecraft.server.dedicated.DedicatedServer/]: [@: Changed the block at -181, 57, -84]
[17Jun2025 00:10:56.174] [Server thread/INFO] [net.minecraft.server.dedicated.DedicatedServer/]: [@: Changed the block at -181, 57, -84]
[17Jun2025 00:10:56.574] [Server thread/INFO] [net.minecraft.server.dedicated.DedicatedServer/]: [@: Changed the block at -181, 57, -84]
[17Jun2025 00:10:59.274] [Server thread/INFO] [net.minecraft.server.dedicated.DedicatedServer/]: [@: Changed the block at -181, 57, -84]
[17Jun2025 00:10:59.674] [Server thread/INFO] [net.minecraft.server.dedicated.DedicatedServer/]: [@: Changed the block at -181, 57, -84]
[17Jun2025 00:11:02.374] [Server thread/INFO] [net.minecraft.server.dedicated.DedicatedServer/]: [@: Changed the block at -181, 57, -84]
[17Jun2025 00:11:02.774] [Server thread/INFO] [net.minecraft.server.dedicated.DedicatedServer/]: [@: Changed the block at -181, 57, -84]
[17Jun2025 00:11:05.474] [Server thread/INFO] [net.minecraft.server.dedicated.DedicatedServer/]: [@: Changed the block at -181, 57, -84]
[17Jun2025 00:11:05.677] [Server thread/INFO] [net.minecraft.server.dedicated.DedicatedServer/]: <RompOrTos> xd
[17Jun2025 00:11:05.874] [Server thread/INFO] [net.minecraft.server.dedicated.DedicatedServer/]: [@: Changed the block at -181, 57, -84]
[17Jun2025 00:11:08.574] [Server thread/INFO] [net.minecraft.server.dedicated.DedicatedServer/]: [@: Changed the block at -181, 57, -84]
[17Jun2025 00:11:08.974] [Server thread/INFO] [net.minecraft.server.dedicated.DedicatedServer/]: [@: Changed the block at -181, 57, -84]
[17Jun2025 00:11:11.674] [Server thread/INFO] [net.minecraft.server.dedicated.DedicatedServer/]: [@: Changed the block at -181, 57, -84]
[17Jun2025 00:11:12.074] [Server thread/INFO] [net.minecraft.server.dedicated.DedicatedServer/]: [@: Changed the block at -181, 57, -84]
[17Jun2025 00:11:14.774] [Server thread/INFO] [net.minecraft.server.dedicated.DedicatedServer/]: [@: Changed the block at -181, 57, -84]
[17Jun2025 00:11:15.174] [Server thread/INFO] [net.minecraft.server.dedicated.DedicatedServer/]: [@: Changed the block at -181, 57, -84]
[17Jun2025 00:11:17.874] [Server thread/INFO] [net.minecraft.server.dedicated.DedicatedServer/]: [@: Changed the block at -181, 57, -84]
[17Jun2025 00:11:18.274] [Server thread/INFO] [net.minecraft.server.dedicated.DedicatedServer/]: [@: Changed the block at -181, 57, -84]
[17Jun2025 00:11:20.974] [Server thread/INFO] [net.minecraft.server.dedicated.DedicatedServer/]: [@: Changed the block at -181, 57, -84]
[17Jun2025 00:11:21.374] [Server thread/INFO] [net.minecraft.server.dedicated.DedicatedServer/]: [@: Changed the block at -181, 57, -84]
[17Jun2025 00:11:24.074] [Server thread/INFO] [net.minecraft.server.dedicated.DedicatedServer/]: [@: Changed the block at -181, 57, -84]
[17Jun2025 00:11:24.474] [Server thread/INFO] [net.minecraft.server.dedicated.DedicatedServer/]: [@: Changed the block at -181, 57, -84]
[17Jun2025 00:11:27.174] [Server thread/INFO] [net.minecraft.server.dedicated.DedicatedServer/]: [@: Changed the block at -181, 57, -84]
[17Jun2025 00:11:27.574] [Server thread/INFO] [net.minecraft.server.dedicated.DedicatedServer/]: [@: Changed the block at -181, 57, -84]
[17Jun2025 00:11:30.274] [Server thread/INFO] [net.minecraft.server.dedicated.DedicatedServer/]: [@: Changed the block at -181, 57, -84]
[17Jun2025 00:11:30.674] [Server thread/INFO] [net.minecraft.server.dedicated.DedicatedServer/]: [@: Changed the block at -181, 57, -84]
[17Jun2025 00:11:33.374] [Server thread/INFO] [net.minecraft.server.dedicated.DedicatedServer/]: [@: Changed the block at -181, 57, -84]
[17Jun2025 00:11:33.774] [Server thread/INFO] [net.minecraft.server.dedicated.DedicatedServer/]: [@: Changed the block at -181, 57, -84]
[17Jun2025 00:11:36.474] [Server thread/INFO] [net.minecraft.server.dedicated.DedicatedServer/]: [@: Changed the block at -181, 57, -84]
[17Jun2025 00:11:36.874] [Server thread/INFO] [net.minecraft.server.dedicated.DedicatedServer/]: [@: Changed the block at -181, 57, -84]
[17Jun2025 00:11:39.574] [Server thread/INFO] [net.minecraft.server.dedicated.DedicatedServer/]: [@: Changed the block at -181, 57, -84]
[17Jun2025 00:11:39.974] [Server thread/INFO] [net.minecraft.server.dedicated.DedicatedServer/]: [@: Changed the block at -181, 57, -84]
[17Jun2025 00:11:42.674] [Server thread/INFO] [net.minecraft.server.dedicated.DedicatedServer/]: [@: Changed the block at -181, 57, -84]
[17Jun2025 00:11:43.074] [Server thread/INFO] [net.minecraft.server.dedicated.DedicatedServer/]: [@: Changed the block at -181, 57, -84]
[17Jun2025 00:11:45.774] [Server thread/INFO] [net.minecraft.server.dedicated.DedicatedServer/]: [@: Changed the block at -181, 57, -84]
[17Jun2025 00:11:46.174] [Server thread/INFO] [net.minecraft.server.dedicated.DedicatedServer/]: [@: Changed the block at -181, 57, -84]
[17Jun2025 00:11:46.294] [Server thread/INFO] [net.minecraft.server.dedicated.DedicatedServer/]: [Smile_and_Eye: Gave 1 [Command Block] to Smile_and_Eye]
[17Jun2025 00:11:48.874] [Server thread/INFO] [net.minecraft.server.dedicated.DedicatedServer/]: [@: Changed the block at -181, 57, -84]
[17Jun2025 00:11:49.274] [Server thread/INFO] [net.minecraft.server.dedicated.DedicatedServer/]: [@: Changed the block at -181, 57, -84]
[17Jun2025 00:11:51.974] [Server thread/INFO] [net.minecraft.server.dedicated.DedicatedServer/]: [@: Changed the block at -181, 57, -84]
[17Jun2025 00:11:52.374] [Server thread/INFO] [net.minecraft.server.dedicated.DedicatedServer/]: [@: Changed the block at -181, 57, -84]
[17Jun2025 00:11:55.074] [Server thread/INFO] [net.minecraft.server.dedicated.DedicatedServer/]: [@: Changed the block at -181, 57, -84]
[17Jun2025 00:11:55.474] [Server thread/INFO] [net.minecraft.server.dedicated.DedicatedServer/]: [@: Changed the block at -181, 57, -84]
[17Jun2025 00:11:58.174] [Server thread/INFO] [net.minecraft.server.dedicated.DedicatedServer/]: [@: Changed the block at -181, 57, -84]
[17Jun2025 00:11:58.574] [Server thread/INFO] [net.minecraft.server.dedicated.DedicatedServer/]: [@: Changed the block at -181, 57, -84]
[17Jun2025 00:12:01.274] [Server thread/INFO] [net.minecraft.server.dedicated.DedicatedServer/]: [@: Changed the block at -181, 57, -84]
[17Jun2025 00:12:01.674] [Server thread/INFO] [net.minecraft.server.dedicated.DedicatedServer/]: [@: Changed the block at -181, 57, -84]
[17Jun2025 00:12:04.374] [Server thread/INFO] [net.minecraft.server.dedicated.DedicatedServer/]: [@: Changed the block at -181, 57, -84]
[17Jun2025 00:12:04.774] [Server thread/INFO] [net.minecraft.server.dedicated.DedicatedServer/]: [@: Changed the block at -181, 57, -84]
[17Jun2025 00:12:07.474] [Server thread/INFO] [net.minecraft.server.dedicated.DedicatedServer/]: [@: Changed the block at -181, 57, -84]
[17Jun2025 00:12:07.874] [Server thread/INFO] [net.minecraft.server.dedicated.DedicatedServer/]: [@: Changed the block at -181, 57, -84]
[17Jun2025 00:12:10.574] [Server thread/INFO] [net.minecraft.server.dedicated.DedicatedServer/]: [@: Changed the block at -181, 57, -84]
[17Jun2025 00:12:10.974] [Server thread/INFO] [net.minecraft.server.dedicated.DedicatedServer/]: [@: Changed the block at -181, 57, -84]
[17Jun2025 00:12:13.674] [Server thread/INFO] [net.minecraft.server.dedicated.DedicatedServer/]: [@: Changed the block at -181, 57, -84]
[17Jun2025 00:12:14.074] [Server thread/INFO] [net.minecraft.server.dedicated.DedicatedServer/]: [@: Changed the block at -181, 57, -84]
[17Jun2025 00:12:16.774] [Server thread/INFO] [net.minecraft.server.dedicated.DedicatedServer/]: [@: Changed the block at -181, 57, -84]
[17Jun2025 00:12:17.174] [Server thread/INFO] [net.minecraft.server.dedicated.DedicatedServer/]: [@: Changed the block at -181, 57, -84]
[17Jun2025 00:12:19.874] [Server thread/INFO] [net.minecraft.server.dedicated.DedicatedServer/]: [@: Changed the block at -181, 57, -84]
[17Jun2025 00:12:20.274] [Server thread/INFO] [net.minecraft.server.dedicated.DedicatedServer/]: [@: Changed the block at -181, 57, -84]
[17Jun2025 00:12:22.974] [Server thread/INFO] [net.minecraft.server.dedicated.DedicatedServer/]: [@: Changed the block at -181, 57, -84]
[17Jun2025 00:12:23.374] [Server thread/INFO] [net.minecraft.server.dedicated.DedicatedServer/]: [@: Changed the block at -181, 57, -84]
[17Jun2025 00:12:26.074] [Server thread/INFO] [net.minecraft.server.dedicated.DedicatedServer/]: [@: Changed the block at -181, 57, -84]
[17Jun2025 00:12:26.474] [Server thread/INFO] [net.minecraft.server.dedicated.DedicatedServer/]: [@: Changed the block at -181, 57, -84]
[17Jun2025 00:12:29.174] [Server thread/INFO] [net.minecraft.server.dedicated.DedicatedServer/]: [@: Changed the block at -181, 57, -84]
[17Jun2025 00:12:29.574] [Server thread/INFO] [net.minecraft.server.dedicated.DedicatedServer/]: [@: Changed the block at -181, 57, -84]
[17Jun2025 00:12:32.274] [Server thread/INFO] [net.minecraft.server.dedicated.DedicatedServer/]: [@: Changed the block at -181, 57, -84]
[17Jun2025 00:12:32.674] [Server thread/INFO] [net.minecraft.server.dedicated.DedicatedServer/]: [@: Changed the block at -181, 57, -84]
[17Jun2025 00:12:35.227] [Server thread/INFO] [net.minecraft.server.dedicated.DedicatedServer/]: <RompOrTos> ya creo mno
[17Jun2025 00:12:35.374] [Server thread/INFO] [net.minecraft.server.dedicated.DedicatedServer/]: [@: Changed the block at -181, 57, -84]
[17Jun2025 00:12:35.774] [Server thread/INFO] [net.minecraft.server.dedicated.DedicatedServer/]: [@: Changed the block at -181, 57, -84]
[17Jun2025 00:12:38.474] [Server thread/INFO] [net.minecraft.server.dedicated.DedicatedServer/]: [@: Changed the block at -181, 57, -84]
[17Jun2025 00:12:38.874] [Server thread/INFO] [net.minecraft.server.dedicated.DedicatedServer/]: [@: Changed the block at -181, 57, -84]
[17Jun2025 00:12:41.575] [Server thread/INFO] [net.minecraft.server.dedicated.DedicatedServer/]: [@: Changed the block at -181, 57, -84]
[17Jun2025 00:12:41.974] [Server thread/INFO] [net.minecraft.server.dedicated.DedicatedServer/]: [@: Changed the block at -181, 57, -84]
[17Jun2025 00:12:44.674] [Server thread/INFO] [net.minecraft.server.dedicated.DedicatedServer/]: [@: Changed the block at -181, 57, -84]
[17Jun2025 00:12:45.074] [Server thread/INFO] [net.minecraft.server.dedicated.DedicatedServer/]: [@: Changed the block at -181, 57, -84]
[17Jun2025 00:12:47.774] [Server thread/INFO] [net.minecraft.server.dedicated.DedicatedServer/]: [@: Changed the block at -181, 57, -84]
[17Jun2025 00:12:48.174] [Server thread/INFO] [net.minecraft.server.dedicated.DedicatedServer/]: [@: Changed the block at -181, 57, -84]
[17Jun2025 00:12:50.874] [Server thread/INFO] [net.minecraft.server.dedicated.DedicatedServer/]: [@: Changed the block at -181, 57, -84]
[17Jun2025 00:12:51.274] [Server thread/INFO] [net.minecraft.server.dedicated.DedicatedServer/]: [@: Changed the block at -181, 57, -84]
[17Jun2025 00:12:53.974] [Server thread/INFO] [net.minecraft.server.dedicated.DedicatedServer/]: [@: Changed the block at -181, 57, -84]
[17Jun2025 00:12:54.374] [Server thread/INFO] [net.minecraft.server.dedicated.DedicatedServer/]: [@: Changed the block at -181, 57, -84]
[17Jun2025 00:12:57.074] [Server thread/INFO] [net.minecraft.server.dedicated.DedicatedServer/]: [@: Changed the block at -181, 57, -84]
[17Jun2025 00:12:57.474] [Server thread/INFO] [net.minecraft.server.dedicated.DedicatedServer/]: [@: Changed the block at -181, 57, -84]
[17Jun2025 00:13:00.174] [Server thread/INFO] [net.minecraft.server.dedicated.DedicatedServer/]: [@: Changed the block at -181, 57, -84]
[17Jun2025 00:13:00.574] [Server thread/INFO] [net.minecraft.server.dedicated.DedicatedServer/]: [@: Changed the block at -181, 57, -84]
[17Jun2025 00:13:03.274] [Server thread/INFO] [net.minecraft.server.dedicated.DedicatedServer/]: [@: Changed the block at -181, 57, -84]
[17Jun2025 00:13:03.674] [Server thread/INFO] [net.minecraft.server.dedicated.DedicatedServer/]: [@: Changed the block at -181, 57, -84]
[17Jun2025 00:13:06.374] [Server thread/INFO] [net.minecraft.server.dedicated.DedicatedServer/]: [@: Changed the block at -181, 57, -84]
[17Jun2025 00:13:06.774] [Server thread/INFO] [net.minecraft.server.dedicated.DedicatedServer/]: [@: Changed the block at -181, 57, -84]
[17Jun2025 00:13:09.475] [Server thread/INFO] [net.minecraft.server.dedicated.DedicatedServer/]: [@: Changed the block at -181, 57, -84]
[17Jun2025 00:13:09.874] [Server thread/INFO] [net.minecraft.server.dedicated.DedicatedServer/]: [@: Changed the block at -181, 57, -84]
[17Jun2025 00:13:12.574] [Server thread/INFO] [net.minecraft.server.dedicated.DedicatedServer/]: [@: Changed the block at -181, 57, -84]
[17Jun2025 00:13:12.974] [Server thread/INFO] [net.minecraft.server.dedicated.DedicatedServer/]: [@: Changed the block at -181, 57, -84]
[17Jun2025 00:13:15.674] [Server thread/INFO] [net.minecraft.server.dedicated.DedicatedServer/]: [@: Changed the block at -181, 57, -84]
[17Jun2025 00:13:16.074] [Server thread/INFO] [net.minecraft.server.dedicated.DedicatedServer/]: [@: Changed the block at -181, 57, -84]
[17Jun2025 00:13:18.774] [Server thread/INFO] [net.minecraft.server.dedicated.DedicatedServer/]: [@: Changed the block at -181, 57, -84]
[17Jun2025 00:13:19.174] [Server thread/INFO] [net.minecraft.server.dedicated.DedicatedServer/]: [@: Changed the block at -181, 57, -84]
[17Jun2025 00:13:21.874] [Server thread/INFO] [net.minecraft.server.dedicated.DedicatedServer/]: [@: Changed the block at -181, 57, -84]
[17Jun2025 00:13:22.274] [Server thread/INFO] [net.minecraft.server.dedicated.DedicatedServer/]: [@: Changed the block at -181, 57, -84]
[17Jun2025 00:13:24.974] [Server thread/INFO] [net.minecraft.server.dedicated.DedicatedServer/]: [@: Changed the block at -181, 57, -84]
[17Jun2025 00:13:25.374] [Server thread/INFO] [net.minecraft.server.dedicated.DedicatedServer/]: [@: Changed the block at -181, 57, -84]
[17Jun2025 00:13:28.074] [Server thread/INFO] [net.minecraft.server.dedicated.DedicatedServer/]: [@: Changed the block at -181, 57, -84]
[17Jun2025 00:13:28.474] [Server thread/INFO] [net.minecraft.server.dedicated.DedicatedServer/]: [@: Changed the block at -181, 57, -84]
[17Jun2025 00:13:31.174] [Server thread/INFO] [net.minecraft.server.dedicated.DedicatedServer/]: [@: Changed the block at -181, 57, -84]
[17Jun2025 00:13:31.574] [Server thread/INFO] [net.minecraft.server.dedicated.DedicatedServer/]: [@: Changed the block at -181, 57, -84]
[17Jun2025 00:13:34.274] [Server thread/INFO] [net.minecraft.server.dedicated.DedicatedServer/]: [@: Changed the block at -181, 57, -84]
[17Jun2025 00:13:34.674] [Server thread/INFO] [net.minecraft.server.dedicated.DedicatedServer/]: [@: Changed the block at -181, 57, -84]
[17Jun2025 00:13:37.374] [Server thread/INFO] [net.minecraft.server.dedicated.DedicatedServer/]: [@: Changed the block at -181, 57, -84]
[17Jun2025 00:13:37.774] [Server thread/INFO] [net.minecraft.server.dedicated.DedicatedServer/]: [@: Changed the block at -181, 57, -84]
[17Jun2025 00:13:40.474] [Server thread/INFO] [net.minecraft.server.dedicated.DedicatedServer/]: [@: Changed the block at -181, 57, -84]
[17Jun2025 00:13:40.874] [Server thread/INFO] [net.minecraft.server.dedicated.DedicatedServer/]: [@: Changed the block at -181, 57, -84]
[17Jun2025 00:13:43.574] [Server thread/INFO] [net.minecraft.server.dedicated.DedicatedServer/]: [@: Changed the block at -181, 57, -84]
[17Jun2025 00:13:43.974] [Server thread/INFO] [net.minecraft.server.dedicated.DedicatedServer/]: [@: Changed the block at -181, 57, -84]
[17Jun2025 00:13:46.674] [Server thread/INFO] [net.minecraft.server.dedicated.DedicatedServer/]: [@: Changed the block at -181, 57, -84]
[17Jun2025 00:13:47.074] [Server thread/INFO] [net.minecraft.server.dedicated.DedicatedServer/]: [@: Changed the block at -181, 57, -84]
[17Jun2025 00:13:49.774] [Server thread/INFO] [net.minecraft.server.dedicated.DedicatedServer/]: [@: Changed the block at -181, 57, -84]
[17Jun2025 00:13:50.174] [Server thread/INFO] [net.minecraft.server.dedicated.DedicatedServer/]: [@: Changed the block at -181, 57, -84]
[17Jun2025 00:13:52.874] [Server thread/INFO] [net.minecraft.server.dedicated.DedicatedServer/]: [@: Changed the block at -181, 57, -84]
[17Jun2025 00:13:53.274] [Server thread/INFO] [net.minecraft.server.dedicated.DedicatedServer/]: [@: Changed the block at -181, 57, -84]
[17Jun2025 00:13:55.974] [Server thread/INFO] [net.minecraft.server.dedicated.DedicatedServer/]: [@: Changed the block at -181, 57, -84]
[17Jun2025 00:13:56.374] [Server thread/INFO] [net.minecraft.server.dedicated.DedicatedServer/]: [@: Changed the block at -181, 57, -84]
[17Jun2025 00:13:59.074] [Server thread/INFO] [net.minecraft.server.dedicated.DedicatedServer/]: [@: Changed the block at -181, 57, -84]
[17Jun2025 00:13:59.474] [Server thread/INFO] [net.minecraft.server.dedicated.DedicatedServer/]: [@: Changed the block at -181, 57, -84]
[17Jun2025 00:14:00.504] [Server thread/INFO] [net.minecraft.server.dedicated.DedicatedServer/]: [Smile_and_Eye: Killed Command Block]
[17Jun2025 00:14:01.831] [Server thread/INFO] [net.minecraft.server.dedicated.DedicatedServer/]: <Smile_and_Eye> mira
[17Jun2025 00:14:02.174] [Server thread/INFO] [net.minecraft.server.dedicated.DedicatedServer/]: [@: Changed the block at -181, 57, -84]
[17Jun2025 00:14:02.574] [Server thread/INFO] [net.minecraft.server.dedicated.DedicatedServer/]: [@: Changed the block at -181, 57, -84]
[17Jun2025 00:14:05.274] [Server thread/INFO] [net.minecraft.server.dedicated.DedicatedServer/]: [@: Changed the block at -181, 57, -84]
[17Jun2025 00:14:05.674] [Server thread/INFO] [net.minecraft.server.dedicated.DedicatedServer/]: [@: Changed the block at -181, 57, -84]
[17Jun2025 00:14:08.375] [Server thread/INFO] [net.minecraft.server.dedicated.DedicatedServer/]: [@: Changed the block at -181, 57, -84]
[17Jun2025 00:14:08.774] [Server thread/INFO] [net.minecraft.server.dedicated.DedicatedServer/]: [@: Changed the block at -181, 57, -84]
[17Jun2025 00:14:11.474] [Server thread/INFO] [net.minecraft.server.dedicated.DedicatedServer/]: [@: Changed the block at -181, 57, -84]
[17Jun2025 00:14:11.874] [Server thread/INFO] [net.minecraft.server.dedicated.DedicatedServer/]: [@: Changed the block at -181, 57, -84]
[17Jun2025 00:14:13.978] [Server thread/INFO] [net.minecraft.server.dedicated.DedicatedServer/]: <Smile_and_Eye> ojalá funcione
[17Jun2025 00:14:14.276] [Server thread/INFO] [net.minecraft.server.dedicated.DedicatedServer/]: [@: Summoned new Command Block]
[17Jun2025 00:14:14.574] [Server thread/INFO] [net.minecraft.server.dedicated.DedicatedServer/]: [@: Changed the block at -181, 57, -84]
[17Jun2025 00:14:14.974] [Server thread/INFO] [net.minecraft.server.dedicated.DedicatedServer/]: [@: Changed the block at -181, 57, -84]
[17Jun2025 00:14:16.381] [Server thread/INFO] [net.minecraft.server.dedicated.DedicatedServer/]: <Smile_and_Eye> VES
[17Jun2025 00:14:17.096] [Server thread/INFO] [net.minecraft.server.dedicated.DedicatedServer/]: <RompOrTos> haber xdd
[17Jun2025 00:14:17.519] [Server thread/INFO] [net.minecraft.server.dedicated.DedicatedServer/]: <Smile_and_Eye> AJJAJAJA
[17Jun2025 00:14:17.674] [Server thread/INFO] [net.minecraft.server.dedicated.DedicatedServer/]: [@: Changed the block at -181, 57, -84]
[17Jun2025 00:14:18.074] [Server thread/INFO] [net.minecraft.server.dedicated.DedicatedServer/]: [@: Changed the block at -181, 57, -84]
[17Jun2025 00:14:19.747] [Server thread/INFO] [net.minecraft.server.dedicated.DedicatedServer/]: <RompOrTos> xddd
[17Jun2025 00:14:20.774] [Server thread/INFO] [net.minecraft.server.dedicated.DedicatedServer/]: [@: Changed the block at -181, 57, -84]
[17Jun2025 00:14:21.174] [Server thread/INFO] [net.minecraft.server.dedicated.DedicatedServer/]: [@: Changed the block at -181, 57, -84]
[17Jun2025 00:14:23.874] [Server thread/INFO] [net.minecraft.server.dedicated.DedicatedServer/]: [@: Changed the block at -181, 57, -84]
[17Jun2025 00:14:24.274] [Server thread/INFO] [net.minecraft.server.dedicated.DedicatedServer/]: [@: Changed the block at -181, 57, -84]
[17Jun2025 00:14:26.974] [Server thread/INFO] [net.minecraft.server.dedicated.DedicatedServer/]: [@: Changed the block at -181, 57, -84]
[17Jun2025 00:14:27.374] [Server thread/INFO] [net.minecraft.server.dedicated.DedicatedServer/]: [@: Changed the block at -181, 57, -84]
[17Jun2025 00:14:30.074] [Server thread/INFO] [net.minecraft.server.dedicated.DedicatedServer/]: [@: Changed the block at -181, 57, -84]
[17Jun2025 00:14:30.474] [Server thread/INFO] [net.minecraft.server.dedicated.DedicatedServer/]: [@: Changed the block at -181, 57, -84]
[17Jun2025 00:14:33.174] [Server thread/INFO] [net.minecraft.server.dedicated.DedicatedServer/]: [@: Changed the block at -181, 57, -84]
[17Jun2025 00:14:33.574] [Server thread/INFO] [net.minecraft.server.dedicated.DedicatedServer/]: [@: Changed the block at -181, 57, -84]
[17Jun2025 00:14:35.114] [Server thread/INFO] [net.minecraft.server.dedicated.DedicatedServer/]: [Smile_and_Eye: Gave 1 [Command Block] to Smile_and_Eye]
[17Jun2025 00:14:36.274] [Server thread/INFO] [net.minecraft.server.dedicated.DedicatedServer/]: [@: Changed the block at -181, 57, -84]
[17Jun2025 00:14:36.674] [Server thread/INFO] [net.minecraft.server.dedicated.DedicatedServer/]: [@: Changed the block at -181, 57, -84]
[17Jun2025 00:14:39.374] [Server thread/INFO] [net.minecraft.server.dedicated.DedicatedServer/]: [@: Changed the block at -181, 57, -84]
[17Jun2025 00:14:39.774] [Server thread/INFO] [net.minecraft.server.dedicated.DedicatedServer/]: [@: Changed the block at -181, 57, -84]
[17Jun2025 00:14:42.475] [Server thread/INFO] [net.minecraft.server.dedicated.DedicatedServer/]: [@: Changed the block at -181, 57, -84]
[17Jun2025 00:14:42.874] [Server thread/INFO] [net.minecraft.server.dedicated.DedicatedServer/]: [@: Changed the block at -181, 57, -84]
